<?xml version="1.0" encoding="UTF-8"?>
<coverage generated="1772994872485" clover="3.2.0">
  <project timestamp="1772994872485" name="All files">
    <metrics statements="468" coveredstatements="275" conditionals="296" coveredconditionals="143" methods="88" coveredmethods="59" elements="852" coveredelements="477" complexity="0" loc="468" ncloc="468" packages="1" files="7" classes="7"/>
    <file name="config-validator.ts" path="/Users/jagadeeshkumarchippada/OpenClaw-MCP-Bridge/src/lib/config-validator.ts">
      <metrics statements="61" coveredstatements="37" conditionals="53" coveredconditionals="31" methods="5" coveredmethods="4"/>
      <line num="10" count="5" type="stmt"/>
      <line num="20" count="5" type="stmt"/>
      <line num="46" count="127" type="stmt"/>
      <line num="47" count="127" type="stmt"/>
      <line num="49" count="127" type="cond" truecount="3" falsecount="1"/>
      <line num="50" count="0" type="stmt"/>
      <line num="54" count="0" type="stmt"/>
      <line num="58" count="127" type="cond" truecount="1" falsecount="1"/>
      <line num="59" count="0" type="stmt"/>
      <line num="63" count="0" type="stmt"/>
      <line num="67" count="127" type="stmt"/>
      <line num="68" count="127" type="stmt"/>
      <line num="71" count="127" type="stmt"/>
      <line num="73" count="499" type="cond" truecount="2" falsecount="0"/>
      <line num="74" count="478" type="stmt"/>
      <line num="81" count="499" type="stmt"/>
      <line num="82" count="499" type="cond" truecount="1" falsecount="1"/>
      <line num="83" count="0" type="stmt"/>
      <line num="90" count="499" type="cond" truecount="1" falsecount="1"/>
      <line num="91" count="499" type="stmt"/>
      <line num="92" count="438" type="cond" truecount="3" falsecount="1"/>
      <line num="93" count="0" type="stmt"/>
      <line num="102" count="127" type="stmt"/>
      <line num="104" count="0" type="cond" truecount="0" falsecount="2"/>
      <line num="105" count="0" type="stmt"/>
      <line num="106" count="0" type="stmt"/>
      <line num="107" count="0" type="stmt"/>
      <line num="113" count="0" type="stmt"/>
      <line num="119" count="0" type="stmt"/>
      <line num="127" count="3" type="stmt"/>
      <line num="128" count="3" type="stmt"/>
      <line num="130" count="3" type="cond" truecount="3" falsecount="1"/>
      <line num="131" count="0" type="stmt"/>
      <line num="135" count="0" type="stmt"/>
      <line num="138" count="3" type="stmt"/>
      <line num="139" count="3" type="stmt"/>
      <line num="142" count="3" type="cond" truecount="1" falsecount="1"/>
      <line num="143" count="0" type="stmt"/>
      <line num="149" count="1" type="cond" truecount="3" falsecount="1"/>
      <line num="150" count="0" type="stmt"/>
      <line num="156" count="1" type="stmt"/>
      <line num="158" count="2" type="cond" truecount="1" falsecount="1"/>
      <line num="159" count="2" type="stmt"/>
      <line num="160" count="6" type="stmt"/>
      <line num="161" count="6" type="stmt"/>
      <line num="167" count="0" type="stmt"/>
      <line num="173" count="2" type="stmt"/>
      <line num="184" count="0" type="stmt"/>
      <line num="185" count="0" type="stmt"/>
      <line num="186" count="0" type="stmt"/>
      <line num="188" count="0" type="stmt"/>
      <line num="193" count="0" type="stmt"/>
      <line num="204" count="4" type="cond" truecount="4" falsecount="0"/>
      <line num="205" count="1" type="stmt"/>
      <line num="208" count="3" type="cond" truecount="1" falsecount="1"/>
      <line num="209" count="0" type="stmt"/>
      <line num="213" count="3" type="stmt"/>
      <line num="214" count="31" type="cond" truecount="2" falsecount="0"/>
      <line num="215" count="1" type="stmt"/>
      <line num="219" count="2" type="cond" truecount="4" falsecount="1"/>
      <line num="220" count="0" type="stmt"/>
    </file>
    <file name="config.ts" path="/Users/jagadeeshkumarchippada/OpenClaw-MCP-Bridge/src/lib/config.ts">
      <metrics statements="102" coveredstatements="44" conditionals="60" coveredconditionals="23" methods="17" coveredmethods="9"/>
      <line num="14" count="5" type="stmt"/>
      <line num="15" count="5" type="stmt"/>
      <line num="18" count="5" type="stmt"/>
      <line num="24" count="92" type="stmt"/>
      <line num="31" count="94" type="stmt"/>
      <line num="32" count="94" type="cond" truecount="2" falsecount="0"/>
      <line num="33" count="2" type="stmt"/>
      <line num="34" count="2" type="stmt"/>
      <line num="37" count="92" type="stmt"/>
      <line num="38" count="92" type="stmt"/>
      <line num="41" count="92" type="stmt"/>
      <line num="43" count="92" type="cond" truecount="1" falsecount="1"/>
      <line num="44" count="0" type="stmt"/>
      <line num="45" count="0" type="stmt"/>
      <line num="46" count="0" type="stmt"/>
      <line num="49" count="0" type="cond" truecount="0" falsecount="2"/>
      <line num="50" count="0" type="stmt"/>
      <line num="51" count="0" type="stmt"/>
      <line num="52" count="0" type="stmt"/>
      <line num="54" count="0" type="stmt"/>
      <line num="55" count="0" type="stmt"/>
      <line num="57" count="0" type="stmt"/>
      <line num="61" count="0" type="stmt"/>
      <line num="62" count="0" type="cond" truecount="0" falsecount="2"/>
      <line num="63" count="0" type="stmt"/>
      <line num="64" count="0" type="stmt"/>
      <line num="65" count="0" type="stmt"/>
      <line num="68" count="0" type="stmt"/>
      <line num="72" count="92" type="cond" truecount="3" falsecount="1"/>
      <line num="73" count="0" type="stmt"/>
      <line num="74" count="0" type="stmt"/>
      <line num="75" count="0" type="stmt"/>
      <line num="77" count="0" type="stmt"/>
      <line num="80" count="92" type="stmt"/>
      <line num="83" count="0" type="cond" truecount="0" falsecount="2"/>
      <line num="84" count="0" type="stmt"/>
      <line num="85" count="0" type="stmt"/>
      <line num="86" count="0" type="stmt"/>
      <line num="87" count="0" type="stmt"/>
      <line num="91" count="0" type="stmt"/>
      <line num="92" count="0" type="stmt"/>
      <line num="101" count="35" type="stmt"/>
      <line num="103" count="35" type="cond" truecount="1" falsecount="1"/>
      <line num="104" count="0" type="stmt"/>
      <line num="105" count="0" type="stmt"/>
      <line num="107" count="0" type="stmt"/>
      <line num="110" count="35" type="stmt"/>
      <line num="111" count="35" type="cond" truecount="1" falsecount="1"/>
      <line num="112" count="0" type="stmt"/>
      <line num="116" count="35" type="cond" truecount="1" falsecount="1"/>
      <line num="117" count="35" type="stmt"/>
      <line num="118" count="35" type="stmt"/>
      <line num="119" count="35" type="stmt"/>
      <line num="120" count="35" type="stmt"/>
      <line num="122" count="0" type="cond" truecount="0" falsecount="2"/>
      <line num="126" count="35" type="stmt"/>
      <line num="127" count="35" type="cond" truecount="1" falsecount="1"/>
      <line num="134" count="47" type="stmt"/>
      <line num="135" count="47" type="cond" truecount="1" falsecount="1"/>
      <line num="142" count="10" type="stmt"/>
      <line num="149" count="17" type="stmt"/>
      <line num="150" count="17" type="cond" truecount="1" falsecount="1"/>
      <line num="152" count="0" type="stmt"/>
      <line num="154" count="17" type="cond" truecount="2" falsecount="0"/>
      <line num="161" count="18" type="stmt"/>
      <line num="163" count="18" type="cond" truecount="1" falsecount="1"/>
      <line num="164" count="0" type="stmt"/>
      <line num="167" count="18" type="stmt"/>
      <line num="176" count="18" type="stmt"/>
      <line num="183" count="23" type="stmt"/>
      <line num="185" count="23" type="cond" truecount="4" falsecount="0"/>
      <line num="186" count="14" type="stmt"/>
      <line num="187" count="14" type="stmt"/>
      <line num="189" count="9" type="stmt"/>
      <line num="197" count="4" type="stmt"/>
      <line num="199" count="4" type="cond" truecount="4" falsecount="0"/>
      <line num="200" count="2" type="stmt"/>
      <line num="201" count="2" type="stmt"/>
      <line num="209" count="0" type="stmt"/>
      <line num="211" count="0" type="cond" truecount="0" falsecount="4"/>
      <line num="212" count="0" type="stmt"/>
      <line num="213" count="0" type="stmt"/>
      <line num="215" count="0" type="stmt"/>
      <line num="223" count="0" type="stmt"/>
      <line num="225" count="0" type="cond" truecount="0" falsecount="4"/>
      <line num="226" count="0" type="stmt"/>
      <line num="227" count="0" type="stmt"/>
      <line num="229" count="0" type="stmt"/>
      <line num="237" count="0" type="stmt"/>
      <line num="239" count="0" type="cond" truecount="0" falsecount="4"/>
      <line num="240" count="0" type="stmt"/>
      <line num="241" count="0" type="stmt"/>
      <line num="249" count="0" type="stmt"/>
      <line num="251" count="0" type="cond" truecount="0" falsecount="4"/>
      <line num="252" count="0" type="stmt"/>
      <line num="256" count="0" type="stmt"/>
      <line num="258" count="0" type="stmt"/>
      <line num="266" count="0" type="stmt"/>
      <line num="268" count="0" type="cond" truecount="0" falsecount="4"/>
      <line num="269" count="0" type="stmt"/>
      <line num="273" count="0" type="stmt"/>
      <line num="275" count="0" type="stmt"/>
    </file>
    <file name="errors.ts" path="/Users/jagadeeshkumarchippada/OpenClaw-MCP-Bridge/src/lib/errors.ts">
      <metrics statements="71" coveredstatements="21" conditionals="46" coveredconditionals="2" methods="7" coveredmethods="1"/>
      <line num="9" count="5" type="cond" truecount="2" falsecount="0"/>
      <line num="11" count="5" type="stmt"/>
      <line num="12" count="5" type="stmt"/>
      <line num="13" count="5" type="stmt"/>
      <line num="16" count="5" type="stmt"/>
      <line num="17" count="5" type="stmt"/>
      <line num="18" count="5" type="stmt"/>
      <line num="19" count="5" type="stmt"/>
      <line num="20" count="5" type="stmt"/>
      <line num="23" count="5" type="stmt"/>
      <line num="24" count="5" type="stmt"/>
      <line num="25" count="5" type="stmt"/>
      <line num="28" count="5" type="stmt"/>
      <line num="29" count="5" type="stmt"/>
      <line num="30" count="5" type="stmt"/>
      <line num="33" count="5" type="stmt"/>
      <line num="34" count="5" type="stmt"/>
      <line num="35" count="5" type="stmt"/>
      <line num="36" count="5" type="stmt"/>
      <line num="39" count="5" type="stmt"/>
      <line num="43" count="5" type="stmt"/>
      <line num="64" count="0" type="cond" truecount="0" falsecount="2"/>
      <line num="66" count="0" type="stmt"/>
      <line num="67" count="0" type="cond" truecount="0" falsecount="2"/>
      <line num="68" count="0" type="stmt"/>
      <line num="72" count="0" type="stmt"/>
      <line num="89" count="0" type="stmt"/>
      <line num="90" count="0" type="cond" truecount="0" falsecount="2"/>
      <line num="93" count="0" type="cond" truecount="0" falsecount="17"/>
      <line num="96" count="0" type="stmt"/>
      <line num="103" count="0" type="stmt"/>
      <line num="110" count="0" type="stmt"/>
      <line num="118" count="0" type="stmt"/>
      <line num="126" count="0" type="stmt"/>
      <line num="133" count="0" type="stmt"/>
      <line num="141" count="0" type="stmt"/>
      <line num="149" count="0" type="stmt"/>
      <line num="156" count="0" type="stmt"/>
      <line num="164" count="0" type="stmt"/>
      <line num="173" count="0" type="stmt"/>
      <line num="181" count="0" type="stmt"/>
      <line num="189" count="0" type="stmt"/>
      <line num="198" count="0" type="stmt"/>
      <line num="211" count="0" type="stmt"/>
      <line num="213" count="0" type="cond" truecount="0" falsecount="2"/>
      <line num="214" count="0" type="stmt"/>
      <line num="215" count="0" type="stmt"/>
      <line num="216" count="0" type="stmt"/>
      <line num="217" count="0" type="cond" truecount="0" falsecount="2"/>
      <line num="218" count="0" type="stmt"/>
      <line num="223" count="0" type="cond" truecount="0" falsecount="4"/>
      <line num="224" count="0" type="stmt"/>
      <line num="225" count="0" type="stmt"/>
      <line num="226" count="0" type="stmt"/>
      <line num="227" count="0" type="stmt"/>
      <line num="231" count="0" type="stmt"/>
      <line num="243" count="0" type="stmt"/>
      <line num="246" count="0" type="stmt"/>
      <line num="252" count="0" type="stmt"/>
      <line num="254" count="0" type="cond" truecount="0" falsecount="2"/>
      <line num="255" count="0" type="stmt"/>
      <line num="258" count="0" type="cond" truecount="0" falsecount="5"/>
      <line num="259" count="0" type="stmt"/>
      <line num="263" count="0" type="cond" truecount="0" falsecount="2"/>
      <line num="264" count="0" type="cond" truecount="0" falsecount="2"/>
      <line num="267" count="0" type="stmt"/>
      <line num="277" count="0" type="stmt"/>
      <line num="278" count="0" type="stmt"/>
      <line num="279" count="0" type="stmt"/>
      <line num="281" count="0" type="stmt"/>
      <line num="283" count="0" type="stmt"/>
    </file>
    <file name="executor.ts" path="/Users/jagadeeshkumarchippada/OpenClaw-MCP-Bridge/src/lib/executor.ts">
      <metrics statements="33" coveredstatements="24" conditionals="18" coveredconditionals="10" methods="4" coveredmethods="4"/>
      <line num="10" count="2" type="stmt"/>
      <line num="23" count="9" type="stmt"/>
      <line num="25" count="9" type="cond" truecount="1" falsecount="1"/>
      <line num="26" count="0" type="stmt"/>
      <line num="30" count="9" type="cond" truecount="1" falsecount="1"/>
      <line num="31" count="9" type="cond" truecount="2" falsecount="0"/>
      <line num="35" count="0" type="stmt"/>
      <line num="36" count="0" type="cond" truecount="0" falsecount="2"/>
      <line num="37" count="0" type="stmt"/>
      <line num="42" count="0" type="stmt"/>
      <line num="43" count="0" type="cond" truecount="0" falsecount="2"/>
      <line num="44" count="0" type="stmt"/>
      <line num="49" count="0" type="stmt"/>
      <line num="61" count="3" type="stmt"/>
      <line num="63" count="3" type="cond" truecount="1" falsecount="1"/>
      <line num="64" count="0" type="stmt"/>
      <line num="67" count="3" type="stmt"/>
      <line num="69" count="3" type="stmt"/>
      <line num="72" count="3" type="stmt"/>
      <line num="73" count="3" type="cond" truecount="3" falsecount="1"/>
      <line num="74" count="3" type="stmt"/>
      <line num="75" count="42" type="stmt"/>
      <line num="79" count="3" type="stmt"/>
      <line num="81" count="3" type="stmt"/>
      <line num="84" count="3" type="stmt"/>
      <line num="92" count="6" type="stmt"/>
      <line num="94" count="6" type="cond" truecount="2" falsecount="0"/>
      <line num="95" count="1" type="stmt"/>
      <line num="98" count="5" type="stmt"/>
      <line num="99" count="5" type="stmt"/>
      <line num="100" count="5" type="stmt"/>
      <line num="101" count="5" type="stmt"/>
      <line num="104" count="5" type="stmt"/>
    </file>
    <file name="installer.ts" path="/Users/jagadeeshkumarchippada/OpenClaw-MCP-Bridge/src/lib/installer.ts">
      <metrics statements="26" coveredstatements="25" conditionals="15" coveredconditionals="14" methods="5" coveredmethods="5"/>
      <line num="9" count="3" type="stmt"/>
      <line num="13" count="3" type="stmt"/>
      <line num="19" count="71" type="cond" truecount="4" falsecount="0"/>
      <line num="20" count="4" type="stmt"/>
      <line num="23" count="67" type="cond" truecount="2" falsecount="0"/>
      <line num="24" count="2" type="stmt"/>
      <line num="27" count="65" type="cond" truecount="2" falsecount="0"/>
      <line num="28" count="32" type="stmt"/>
      <line num="32" count="33" type="stmt"/>
      <line num="33" count="330" type="cond" truecount="1" falsecount="1"/>
      <line num="34" count="0" type="stmt"/>
      <line num="42" count="9" type="stmt"/>
      <line num="43" count="9" type="stmt"/>
      <line num="44" count="6" type="stmt"/>
      <line num="46" count="3" type="stmt"/>
      <line num="55" count="7" type="stmt"/>
      <line num="58" count="7" type="stmt"/>
      <line num="59" count="7" type="cond" truecount="2" falsecount="0"/>
      <line num="60" count="2" type="stmt"/>
      <line num="64" count="5" type="stmt"/>
      <line num="72" count="5" type="cond" truecount="2" falsecount="0"/>
      <line num="80" count="4" type="stmt"/>
      <line num="82" count="4" type="stmt"/>
      <line num="83" count="4" type="stmt"/>
      <line num="84" count="2" type="stmt"/>
      <line num="86" count="2" type="stmt"/>
    </file>
    <file name="logger.ts" path="/Users/jagadeeshkumarchippada/OpenClaw-MCP-Bridge/src/lib/logger.ts">
      <metrics statements="31" coveredstatements="16" conditionals="30" coveredconditionals="18" methods="10" coveredmethods="7"/>
      <line num="13" count="5" type="cond" truecount="3" falsecount="1"/>
      <line num="14" count="0" type="stmt"/>
      <line num="16" count="5" type="cond" truecount="1" falsecount="1"/>
      <line num="17" count="0" type="stmt"/>
      <line num="19" count="5" type="cond" truecount="2" falsecount="0"/>
      <line num="24" count="5" type="cond" truecount="3" falsecount="0"/>
      <line num="29" count="5" type="stmt"/>
      <line num="33" count="30" type="stmt"/>
      <line num="43" count="5" type="cond" truecount="3" falsecount="1"/>
      <line num="45" count="0" type="stmt"/>
      <line num="55" count="5" type="stmt"/>
      <line num="59" count="5" type="stmt"/>
      <line num="62" count="5" type="stmt"/>
      <line num="64" count="37" type="cond" truecount="2" falsecount="0"/>
      <line num="65" count="35" type="stmt"/>
      <line num="67" count="2" type="stmt"/>
      <line num="72" count="0" type="cond" truecount="0" falsecount="2"/>
      <line num="73" count="0" type="stmt"/>
      <line num="80" count="0" type="cond" truecount="0" falsecount="2"/>
      <line num="81" count="0" type="stmt"/>
      <line num="83" count="0" type="stmt"/>
      <line num="88" count="0" type="cond" truecount="0" falsecount="2"/>
      <line num="89" count="0" type="stmt"/>
      <line num="91" count="0" type="stmt"/>
      <line num="96" count="35" type="cond" truecount="1" falsecount="1"/>
      <line num="97" count="35" type="stmt"/>
      <line num="99" count="0" type="stmt"/>
      <line num="104" count="0" type="cond" truecount="0" falsecount="2"/>
      <line num="105" count="0" type="stmt"/>
      <line num="107" count="0" type="stmt"/>
      <line num="114" count="92" type="cond" truecount="3" falsecount="0"/>
    </file>
    <file name="protocol.ts" path="/Users/jagadeeshkumarchippada/OpenClaw-MCP-Bridge/src/lib/protocol.ts">
      <metrics statements="144" coveredstatements="108" conditionals="74" coveredconditionals="45" methods="40" coveredmethods="29"/>
      <line num="21" count="4" type="stmt"/>
      <line num="25" count="24" type="stmt"/>
      <line num="26" count="24" type="stmt"/>
      <line num="27" count="24" type="stmt"/>
      <line num="37" count="24" type="cond" truecount="2" falsecount="0"/>
      <line num="39" count="9" type="cond" truecount="1" falsecount="1"/>
      <line num="42" count="15" type="stmt"/>
      <line num="43" count="15" type="cond" truecount="1" falsecount="1"/>
      <line num="45" count="24" type="stmt"/>
      <line num="46" count="15" type="cond" truecount="1" falsecount="1"/>
      <line num="49" count="15" type="cond" truecount="1" falsecount="1"/>
      <line num="52" count="15" type="stmt"/>
      <line num="53" count="30" type="cond" truecount="2" falsecount="0"/>
      <line num="57" count="15" type="stmt"/>
      <line num="58" count="15" type="cond" truecount="1" falsecount="1"/>
      <line num="59" count="0" type="stmt"/>
      <line num="60" count="0" type="stmt"/>
      <line num="63" count="15" type="cond" truecount="3" falsecount="1"/>
      <line num="64" count="15" type="stmt"/>
      <line num="69" count="15" type="cond" truecount="1" falsecount="3"/>
      <line num="76" count="24" type="cond" truecount="1" falsecount="1"/>
      <line num="77" count="24" type="stmt"/>
      <line num="78" count="24" type="stmt"/>
      <line num="86" count="0" type="stmt"/>
      <line num="93" count="24" type="stmt"/>
      <line num="104" count="24" type="stmt"/>
      <line num="105" count="24" type="stmt"/>
      <line num="106" count="192" type="cond" truecount="2" falsecount="0"/>
      <line num="107" count="120" type="stmt"/>
      <line num="110" count="24" type="stmt"/>
      <line num="120" count="24" type="stmt"/>
      <line num="121" count="24" type="stmt"/>
      <line num="122" count="24" type="stmt"/>
      <line num="123" count="24" type="stmt"/>
      <line num="130" count="24" type="stmt"/>
      <line num="131" count="24" type="stmt"/>
      <line num="134" count="24" type="stmt"/>
      <line num="135" count="24" type="stmt"/>
      <line num="137" count="24" type="stmt"/>
      <line num="138" count="24" type="stmt"/>
      <line num="141" count="24" type="stmt"/>
      <line num="142" count="24" type="stmt"/>
      <line num="144" count="24" type="stmt"/>
      <line num="151" count="24" type="stmt"/>
      <line num="152" count="24" type="stmt"/>
      <line num="153" count="24" type="stmt"/>
      <line num="156" count="24" type="stmt"/>
      <line num="157" count="0" type="stmt"/>
      <line num="158" count="0" type="stmt"/>
      <line num="159" count="0" type="stmt"/>
      <line num="163" count="24" type="stmt"/>
      <line num="164" count="86" type="stmt"/>
      <line num="166" count="43" type="stmt"/>
      <line num="167" count="43" type="stmt"/>
      <line num="168" count="43" type="stmt"/>
      <line num="170" count="43" type="cond" truecount="3" falsecount="1"/>
      <line num="171" count="43" type="stmt"/>
      <line num="172" count="43" type="stmt"/>
      <line num="174" count="43" type="cond" truecount="1" falsecount="1"/>
      <line num="175" count="0" type="cond" truecount="0" falsecount="2"/>
      <line num="177" count="43" type="stmt"/>
      <line num="187" count="24" type="stmt"/>
      <line num="188" count="24" type="cond" truecount="4" falsecount="0"/>
      <line num="189" count="22" type="stmt"/>
      <line num="190" count="22" type="stmt"/>
      <line num="191" count="22" type="stmt"/>
      <line num="200" count="65" type="stmt"/>
      <line num="201" count="65" type="stmt"/>
      <line num="203" count="65" type="stmt"/>
      <line num="211" count="43" type="stmt"/>
      <line num="213" count="43" type="cond" truecount="3" falsecount="1"/>
      <line num="214" count="0" type="stmt"/>
      <line num="217" count="43" type="stmt"/>
      <line num="218" count="43" type="stmt"/>
      <line num="219" count="43" type="stmt"/>
      <line num="221" count="43" type="stmt"/>
      <line num="228" count="43" type="stmt"/>
      <line num="230" count="43" type="stmt"/>
      <line num="231" count="0" type="cond" truecount="0" falsecount="2"/>
      <line num="232" count="0" type="stmt"/>
      <line num="233" count="0" type="stmt"/>
      <line num="243" count="30" type="cond" truecount="2" falsecount="0"/>
      <line num="244" count="8" type="stmt"/>
      <line num="245" count="8" type="stmt"/>
      <line num="249" count="22" type="stmt"/>
      <line num="251" count="22" type="stmt"/>
      <line num="260" count="22" type="stmt"/>
      <line num="261" count="22" type="stmt"/>
      <line num="262" count="22" type="stmt"/>
      <line num="269" count="12" type="stmt"/>
      <line num="270" count="12" type="cond" truecount="1" falsecount="1"/>
      <line num="277" count="9" type="stmt"/>
      <line num="285" count="24" type="stmt"/>
      <line num="286" count="0" type="stmt"/>
      <line num="288" count="24" type="stmt"/>
      <line num="290" count="24" type="stmt"/>
      <line num="291" count="24" type="stmt"/>
      <line num="293" count="24" type="cond" truecount="4" falsecount="1"/>
      <line num="294" count="24" type="stmt"/>
      <line num="297" count="24" type="stmt"/>
      <line num="298" count="24" type="stmt"/>
      <line num="300" count="13" type="cond" truecount="2" falsecount="2"/>
      <line num="301" count="0" type="stmt"/>
      <line num="302" count="0" type="stmt"/>
      <line num="307" count="13" type="stmt"/>
      <line num="311" count="24" type="stmt"/>
      <line num="317" count="4" type="stmt"/>
      <line num="324" count="22" type="cond" truecount="2" falsecount="0"/>
      <line num="325" count="1" type="stmt"/>
      <line num="328" count="22" type="stmt"/>
      <line num="329" count="22" type="stmt"/>
      <line num="330" count="22" type="stmt"/>
      <line num="337" count="6" type="stmt"/>
      <line num="344" count="43" type="cond" truecount="2" falsecount="0"/>
      <line num="345" count="21" type="stmt"/>
      <line num="346" count="21" type="stmt"/>
      <line num="354" count="0" type="stmt"/>
      <line num="356" count="0" type="stmt"/>
      <line num="358" count="0" type="stmt"/>
      <line num="361" count="0" type="stmt"/>
      <line num="362" count="0" type="stmt"/>
      <line num="365" count="0" type="stmt"/>
      <line num="366" count="0" type="stmt"/>
      <line num="367" count="0" type="stmt"/>
      <line num="369" count="0" type="stmt"/>
      <line num="370" count="0" type="stmt"/>
      <line num="375" count="0" type="stmt"/>
      <line num="376" count="0" type="stmt"/>
      <line num="379" count="0" type="stmt"/>
      <line num="381" count="0" type="stmt"/>
      <line num="386" count="0" type="stmt"/>
      <line num="395" count="0" type="stmt"/>
      <line num="396" count="0" type="stmt"/>
      <line num="400" count="0" type="stmt"/>
      <line num="404" count="8" type="stmt"/>
      <line num="405" count="8" type="stmt"/>
      <line num="409" count="8" type="cond" truecount="1" falsecount="1"/>
      <line num="410" count="0" type="stmt"/>
      <line num="412" count="8" type="stmt"/>
      <line num="416" count="3" type="cond" truecount="1" falsecount="1"/>
      <line num="417" count="0" type="stmt"/>
      <line num="419" count="3" type="stmt"/>
      <line num="423" count="0" type="cond" truecount="0" falsecount="2"/>
      <line num="427" count="0" type="cond" truecount="0" falsecount="2"/>
    </file>
  </project>
</coverage>
