{"/Users/jagadeeshkumarchippada/OpenClaw-MCP-Bridge/src/lib/config-validator.ts": {"path":"/Users/jagadeeshkumarchippada/OpenClaw-MCP-Bridge/src/lib/config-validator.ts","statementMap":{"0":{"start":{"line":10,"column":31},"end":{"line":17,"column":null}},"1":{"start":{"line":20,"column":31},"end":{"line":23,"column":null}},"2":{"start":{"line":46,"column":36},"end":{"line":46,"column":null}},"3":{"start":{"line":47,"column":40},"end":{"line":47,"column":null}},"4":{"start":{"line":49,"column":2},"end":{"line":55,"column":null}},"5":{"start":{"line":50,"column":4},"end":{"line":53,"column":null}},"6":{"start":{"line":54,"column":4},"end":{"line":54,"column":null}},"7":{"start":{"line":58,"column":2},"end":{"line":64,"column":null}},"8":{"start":{"line":59,"column":4},"end":{"line":62,"column":null}},"9":{"start":{"line":63,"column":4},"end":{"line":63,"column":null}},"10":{"start":{"line":67,"column":2},"end":{"line":120,"column":null}},"11":{"start":{"line":68,"column":19},"end":{"line":68,"column":null}},"12":{"start":{"line":71,"column":4},"end":{"line":100,"column":null}},"13":{"start":{"line":73,"column":6},"end":{"line":78,"column":null}},"14":{"start":{"line":74,"column":8},"end":{"line":77,"column":null}},"15":{"start":{"line":81,"column":28},"end":{"line":81,"column":null}},"16":{"start":{"line":82,"column":6},"end":{"line":87,"column":null}},"17":{"start":{"line":83,"column":8},"end":{"line":86,"column":null}},"18":{"start":{"line":90,"column":6},"end":{"line":99,"column":null}},"19":{"start":{"line":91,"column":8},"end":{"line":98,"column":null}},"20":{"start":{"line":92,"column":10},"end":{"line":97,"column":null}},"21":{"start":{"line":93,"column":12},"end":{"line":96,"column":null}},"22":{"start":{"line":102,"column":4},"end":{"line":102,"column":null}},"23":{"start":{"line":104,"column":4},"end":{"line":117,"column":null}},"24":{"start":{"line":105,"column":6},"end":{"line":111,"column":null}},"25":{"start":{"line":106,"column":21},"end":{"line":106,"column":null}},"26":{"start":{"line":107,"column":8},"end":{"line":110,"column":null}},"27":{"start":{"line":113,"column":6},"end":{"line":116,"column":null}},"28":{"start":{"line":119,"column":4},"end":{"line":119,"column":null}},"29":{"start":{"line":127,"column":36},"end":{"line":127,"column":null}},"30":{"start":{"line":128,"column":40},"end":{"line":128,"column":null}},"31":{"start":{"line":130,"column":2},"end":{"line":136,"column":null}},"32":{"start":{"line":131,"column":4},"end":{"line":134,"column":null}},"33":{"start":{"line":135,"column":4},"end":{"line":135,"column":null}},"34":{"start":{"line":138,"column":2},"end":{"line":174,"column":null}},"35":{"start":{"line":139,"column":19},"end":{"line":139,"column":null}},"36":{"start":{"line":142,"column":4},"end":{"line":147,"column":null}},"37":{"start":{"line":143,"column":6},"end":{"line":146,"column":null}},"38":{"start":{"line":149,"column":4},"end":{"line":154,"column":null}},"39":{"start":{"line":150,"column":6},"end":{"line":153,"column":null}},"40":{"start":{"line":156,"column":4},"end":{"line":156,"column":null}},"41":{"start":{"line":158,"column":4},"end":{"line":171,"column":null}},"42":{"start":{"line":159,"column":6},"end":{"line":165,"column":null}},"43":{"start":{"line":160,"column":21},"end":{"line":160,"column":null}},"44":{"start":{"line":161,"column":8},"end":{"line":164,"column":null}},"45":{"start":{"line":167,"column":6},"end":{"line":170,"column":null}},"46":{"start":{"line":173,"column":4},"end":{"line":173,"column":null}},"47":{"start":{"line":184,"column":2},"end":{"line":197,"column":null}},"48":{"start":{"line":185,"column":19},"end":{"line":185,"column":null}},"49":{"start":{"line":186,"column":4},"end":{"line":186,"column":null}},"50":{"start":{"line":188,"column":4},"end":{"line":190,"column":null}},"51":{"start":{"line":193,"column":4},"end":{"line":196,"column":null}},"52":{"start":{"line":204,"column":2},"end":{"line":206,"column":null}},"53":{"start":{"line":205,"column":4},"end":{"line":205,"column":null}},"54":{"start":{"line":208,"column":2},"end":{"line":210,"column":null}},"55":{"start":{"line":209,"column":4},"end":{"line":209,"column":null}},"56":{"start":{"line":213,"column":20},"end":{"line":213,"column":null}},"57":{"start":{"line":214,"column":2},"end":{"line":216,"column":null}},"58":{"start":{"line":214,"column":26},"end":{"line":214,"column":46}},"59":{"start":{"line":215,"column":4},"end":{"line":215,"column":null}},"60":{"start":{"line":219,"column":2},"end":{"line":221,"column":null}},"61":{"start":{"line":220,"column":4},"end":{"line":220,"column":null}}},"fnMap":{"0":{"name":"validateMCPConfig","decl":{"start":{"line":45,"column":16},"end":{"line":45,"column":34}},"loc":{"start":{"line":45,"column":69},"end":{"line":121,"column":null}},"line":45},"1":{"name":"validateServerConfig","decl":{"start":{"line":126,"column":16},"end":{"line":126,"column":37}},"loc":{"start":{"line":126,"column":72},"end":{"line":175,"column":null}},"line":126},"2":{"name":"safeValidateMCPConfig","decl":{"start":{"line":180,"column":16},"end":{"line":180,"column":38}},"loc":{"start":{"line":183,"column":2},"end":{"line":198,"column":null}},"line":183},"3":{"name":"validateToolName","decl":{"start":{"line":203,"column":16},"end":{"line":203,"column":33}},"loc":{"start":{"line":203,"column":57},"end":{"line":222,"column":null}},"line":203},"4":{"name":"(anonymous_4)","decl":{"start":{"line":214,"column":21},"end":{"line":214,"column":26}},"loc":{"start":{"line":214,"column":26},"end":{"line":214,"column":46}},"line":214}},"branchMap":{"0":{"loc":{"start":{"line":49,"column":2},"end":{"line":55,"column":null}},"type":"if","locations":[{"start":{"line":49,"column":2},"end":{"line":55,"column":null}},{"start":{},"end":{}}],"line":49},"1":{"loc":{"start":{"line":49,"column":6},"end":{"line":49,"column":47}},"type":"binary-expr","locations":[{"start":{"line":49,"column":6},"end":{"line":49,"column":25}},{"start":{"line":49,"column":25},"end":{"line":49,"column":47}}],"line":49},"2":{"loc":{"start":{"line":58,"column":2},"end":{"line":64,"column":null}},"type":"if","locations":[{"start":{"line":58,"column":2},"end":{"line":64,"column":null}},{"start":{},"end":{}}],"line":58},"3":{"loc":{"start":{"line":73,"column":6},"end":{"line":78,"column":null}},"type":"if","locations":[{"start":{"line":73,"column":6},"end":{"line":78,"column":null}},{"start":{},"end":{}}],"line":73},"4":{"loc":{"start":{"line":82,"column":6},"end":{"line":87,"column":null}},"type":"if","locations":[{"start":{"line":82,"column":6},"end":{"line":87,"column":null}},{"start":{},"end":{}}],"line":82},"5":{"loc":{"start":{"line":90,"column":6},"end":{"line":99,"column":null}},"type":"if","locations":[{"start":{"line":90,"column":6},"end":{"line":99,"column":null}},{"start":{},"end":{}}],"line":90},"6":{"loc":{"start":{"line":92,"column":10},"end":{"line":97,"column":null}},"type":"if","locations":[{"start":{"line":92,"column":10},"end":{"line":97,"column":null}},{"start":{},"end":{}}],"line":92},"7":{"loc":{"start":{"line":92,"column":14},"end":{"line":92,"column":65}},"type":"binary-expr","locations":[{"start":{"line":92,"column":14},"end":{"line":92,"column":43}},{"start":{"line":92,"column":43},"end":{"line":92,"column":65}}],"line":92},"8":{"loc":{"start":{"line":104,"column":4},"end":{"line":117,"column":null}},"type":"if","locations":[{"start":{"line":104,"column":4},"end":{"line":117,"column":null}},{"start":{"line":112,"column":11},"end":{"line":117,"column":null}}],"line":104},"9":{"loc":{"start":{"line":108,"column":16},"end":{"line":108,"column":null}},"type":"cond-expr","locations":[{"start":{"line":108,"column":23},"end":{"line":108,"column":36}},{"start":{"line":108,"column":36},"end":{"line":108,"column":null}}],"line":108},"10":{"loc":{"start":{"line":115,"column":46},"end":{"line":115,"column":88}},"type":"cond-expr","locations":[{"start":{"line":115,"column":67},"end":{"line":115,"column":79}},{"start":{"line":115,"column":79},"end":{"line":115,"column":88}}],"line":115},"11":{"loc":{"start":{"line":130,"column":2},"end":{"line":136,"column":null}},"type":"if","locations":[{"start":{"line":130,"column":2},"end":{"line":136,"column":null}},{"start":{},"end":{}}],"line":130},"12":{"loc":{"start":{"line":130,"column":6},"end":{"line":130,"column":47}},"type":"binary-expr","locations":[{"start":{"line":130,"column":6},"end":{"line":130,"column":25}},{"start":{"line":130,"column":25},"end":{"line":130,"column":47}}],"line":130},"13":{"loc":{"start":{"line":142,"column":4},"end":{"line":147,"column":null}},"type":"if","locations":[{"start":{"line":142,"column":4},"end":{"line":147,"column":null}},{"start":{},"end":{}}],"line":142},"14":{"loc":{"start":{"line":149,"column":4},"end":{"line":154,"column":null}},"type":"if","locations":[{"start":{"line":149,"column":4},"end":{"line":154,"column":null}},{"start":{},"end":{}}],"line":149},"15":{"loc":{"start":{"line":149,"column":8},"end":{"line":149,"column":61}},"type":"binary-expr","locations":[{"start":{"line":149,"column":8},"end":{"line":149,"column":26}},{"start":{"line":149,"column":26},"end":{"line":149,"column":61}}],"line":149},"16":{"loc":{"start":{"line":158,"column":4},"end":{"line":171,"column":null}},"type":"if","locations":[{"start":{"line":158,"column":4},"end":{"line":171,"column":null}},{"start":{"line":166,"column":11},"end":{"line":171,"column":null}}],"line":158},"17":{"loc":{"start":{"line":162,"column":16},"end":{"line":162,"column":null}},"type":"cond-expr","locations":[{"start":{"line":162,"column":23},"end":{"line":162,"column":36}},{"start":{"line":162,"column":36},"end":{"line":162,"column":null}}],"line":162},"18":{"loc":{"start":{"line":169,"column":46},"end":{"line":169,"column":88}},"type":"cond-expr","locations":[{"start":{"line":169,"column":67},"end":{"line":169,"column":79}},{"start":{"line":169,"column":79},"end":{"line":169,"column":88}}],"line":169},"19":{"loc":{"start":{"line":189,"column":13},"end":{"line":189,"column":null}},"type":"cond-expr","locations":[{"start":{"line":189,"column":34},"end":{"line":189,"column":46}},{"start":{"line":189,"column":46},"end":{"line":189,"column":null}}],"line":189},"20":{"loc":{"start":{"line":204,"column":2},"end":{"line":206,"column":null}},"type":"if","locations":[{"start":{"line":204,"column":2},"end":{"line":206,"column":null}},{"start":{},"end":{}}],"line":204},"21":{"loc":{"start":{"line":204,"column":6},"end":{"line":204,"column":49}},"type":"binary-expr","locations":[{"start":{"line":204,"column":6},"end":{"line":204,"column":19}},{"start":{"line":204,"column":19},"end":{"line":204,"column":49}}],"line":204},"22":{"loc":{"start":{"line":208,"column":2},"end":{"line":210,"column":null}},"type":"if","locations":[{"start":{"line":208,"column":2},"end":{"line":210,"column":null}},{"start":{},"end":{}}],"line":208},"23":{"loc":{"start":{"line":214,"column":2},"end":{"line":216,"column":null}},"type":"if","locations":[{"start":{"line":214,"column":2},"end":{"line":216,"column":null}},{"start":{},"end":{}}],"line":214},"24":{"loc":{"start":{"line":219,"column":2},"end":{"line":221,"column":null}},"type":"if","locations":[{"start":{"line":219,"column":2},"end":{"line":221,"column":null}},{"start":{},"end":{}}],"line":219},"25":{"loc":{"start":{"line":219,"column":6},"end":{"line":219,"column":84}},"type":"binary-expr","locations":[{"start":{"line":219,"column":6},"end":{"line":219,"column":33}},{"start":{"line":219,"column":33},"end":{"line":219,"column":59}},{"start":{"line":219,"column":59},"end":{"line":219,"column":84}}],"line":219}},"s":{"0":5,"1":5,"2":127,"3":127,"4":127,"5":0,"6":0,"7":127,"8":0,"9":0,"10":127,"11":127,"12":127,"13":499,"14":478,"15":499,"16":499,"17":0,"18":499,"19":499,"20":438,"21":0,"22":127,"23":0,"24":0,"25":0,"26":0,"27":0,"28":0,"29":3,"30":3,"31":3,"32":0,"33":0,"34":3,"35":3,"36":3,"37":0,"38":1,"39":0,"40":1,"41":2,"42":2,"43":6,"44":6,"45":0,"46":2,"47":0,"48":0,"49":0,"50":0,"51":0,"52":4,"53":1,"54":3,"55":0,"56":3,"57":3,"58":31,"59":1,"60":2,"61":0},"f":{"0":127,"1":3,"2":0,"3":4,"4":31},"b":{"0":[0,127],"1":[127,127],"2":[0,127],"3":[478,21],"4":[0,499],"5":[499,0],"6":[0,438],"7":[438,6],"8":[0,0],"9":[0,0],"10":[0,0],"11":[0,3],"12":[3,3],"13":[0,3],"14":[0,1],"15":[1,1],"16":[2,0],"17":[6,0],"18":[0,0],"19":[0,0],"20":[1,3],"21":[4,3],"22":[0,3],"23":[1,2],"24":[0,2],"25":[2,2,2]},"meta":{"lastBranch":26,"lastFunction":5,"lastStatement":62,"seen":{"s:10:31:17:Infinity":0,"s:20:31:23:Infinity":1,"f:45:16:45:34":0,"s:46:36:46:Infinity":2,"s:47:40:47:Infinity":3,"b:49:2:55:Infinity:undefined:undefined:undefined:undefined":0,"s:49:2:55:Infinity":4,"b:49:6:49:25:49:25:49:47":1,"s:50:4:53:Infinity":5,"s:54:4:54:Infinity":6,"b:58:2:64:Infinity:undefined:undefined:undefined:undefined":2,"s:58:2:64:Infinity":7,"s:59:4:62:Infinity":8,"s:63:4:63:Infinity":9,"s:67:2:120:Infinity":10,"s:68:19:68:Infinity":11,"s:71:4:100:Infinity":12,"b:73:6:78:Infinity:undefined:undefined:undefined:undefined":3,"s:73:6:78:Infinity":13,"s:74:8:77:Infinity":14,"s:81:28:81:Infinity":15,"b:82:6:87:Infinity:undefined:undefined:undefined:undefined":4,"s:82:6:87:Infinity":16,"s:83:8:86:Infinity":17,"b:90:6:99:Infinity:undefined:undefined:undefined:undefined":5,"s:90:6:99:Infinity":18,"s:91:8:98:Infinity":19,"b:92:10:97:Infinity:undefined:undefined:undefined:undefined":6,"s:92:10:97:Infinity":20,"b:92:14:92:43:92:43:92:65":7,"s:93:12:96:Infinity":21,"s:102:4:102:Infinity":22,"b:104:4:117:Infinity:112:11:117:Infinity":8,"s:104:4:117:Infinity":23,"s:105:6:111:Infinity":24,"s:106:21:106:Infinity":25,"s:107:8:110:Infinity":26,"b:108:23:108:36:108:36:108:Infinity":9,"s:113:6:116:Infinity":27,"b:115:67:115:79:115:79:115:88":10,"s:119:4:119:Infinity":28,"f:126:16:126:37":1,"s:127:36:127:Infinity":29,"s:128:40:128:Infinity":30,"b:130:2:136:Infinity:undefined:undefined:undefined:undefined":11,"s:130:2:136:Infinity":31,"b:130:6:130:25:130:25:130:47":12,"s:131:4:134:Infinity":32,"s:135:4:135:Infinity":33,"s:138:2:174:Infinity":34,"s:139:19:139:Infinity":35,"b:142:4:147:Infinity:undefined:undefined:undefined:undefined":13,"s:142:4:147:Infinity":36,"s:143:6:146:Infinity":37,"b:149:4:154:Infinity:undefined:undefined:undefined:undefined":14,"s:149:4:154:Infinity":38,"b:149:8:149:26:149:26:149:61":15,"s:150:6:153:Infinity":39,"s:156:4:156:Infinity":40,"b:158:4:171:Infinity:166:11:171:Infinity":16,"s:158:4:171:Infinity":41,"s:159:6:165:Infinity":42,"s:160:21:160:Infinity":43,"s:161:8:164:Infinity":44,"b:162:23:162:36:162:36:162:Infinity":17,"s:167:6:170:Infinity":45,"b:169:67:169:79:169:79:169:88":18,"s:173:4:173:Infinity":46,"f:180:16:180:38":2,"s:184:2:197:Infinity":47,"s:185:19:185:Infinity":48,"s:186:4:186:Infinity":49,"s:188:4:190:Infinity":50,"b:189:34:189:46:189:46:189:Infinity":19,"s:193:4:196:Infinity":51,"f:203:16:203:33":3,"b:204:2:206:Infinity:undefined:undefined:undefined:undefined":20,"s:204:2:206:Infinity":52,"b:204:6:204:19:204:19:204:49":21,"s:205:4:205:Infinity":53,"b:208:2:210:Infinity:undefined:undefined:undefined:undefined":22,"s:208:2:210:Infinity":54,"s:209:4:209:Infinity":55,"s:213:20:213:Infinity":56,"b:214:2:216:Infinity:undefined:undefined:undefined:undefined":23,"s:214:2:216:Infinity":57,"f:214:21:214:26":4,"s:214:26:214:46":58,"s:215:4:215:Infinity":59,"b:219:2:221:Infinity:undefined:undefined:undefined:undefined":24,"s:219:2:221:Infinity":60,"b:219:6:219:33:219:33:219:59:219:59:219:84":25,"s:220:4:220:Infinity":61}}}
,"/Users/jagadeeshkumarchippada/OpenClaw-MCP-Bridge/src/lib/config.ts": {"path":"/Users/jagadeeshkumarchippada/OpenClaw-MCP-Bridge/src/lib/config.ts","statementMap":{"0":{"start":{"line":14,"column":6},"end":{"line":14,"column":null}},"1":{"start":{"line":15,"column":18},"end":{"line":15,"column":null}},"2":{"start":{"line":18,"column":20},"end":{"line":18,"column":null}},"3":{"start":{"line":24,"column":2},"end":{"line":24,"column":null}},"4":{"start":{"line":31,"column":2},"end":{"line":93,"column":null}},"5":{"start":{"line":32,"column":4},"end":{"line":35,"column":null}},"6":{"start":{"line":33,"column":6},"end":{"line":33,"column":null}},"7":{"start":{"line":34,"column":6},"end":{"line":34,"column":null}},"8":{"start":{"line":37,"column":20},"end":{"line":37,"column":null}},"9":{"start":{"line":38,"column":22},"end":{"line":38,"column":null}},"10":{"start":{"line":41,"column":10},"end":{"line":41,"column":null}},"11":{"start":{"line":43,"column":4},"end":{"line":69,"column":null}},"12":{"start":{"line":44,"column":6},"end":{"line":47,"column":null}},"13":{"start":{"line":45,"column":43},"end":{"line":45,"column":52}},"14":{"start":{"line":46,"column":47},"end":{"line":46,"column":56}},"15":{"start":{"line":49,"column":6},"end":{"line":58,"column":null}},"16":{"start":{"line":50,"column":8},"end":{"line":50,"column":null}},"17":{"start":{"line":51,"column":8},"end":{"line":53,"column":null}},"18":{"start":{"line":52,"column":10},"end":{"line":52,"column":null}},"19":{"start":{"line":54,"column":8},"end":{"line":56,"column":null}},"20":{"start":{"line":55,"column":10},"end":{"line":55,"column":null}},"21":{"start":{"line":57,"column":8},"end":{"line":57,"column":null}},"22":{"start":{"line":61,"column":12},"end":{"line":61,"column":null}},"23":{"start":{"line":62,"column":6},"end":{"line":66,"column":null}},"24":{"start":{"line":63,"column":8},"end":{"line":63,"column":null}},"25":{"start":{"line":64,"column":8},"end":{"line":64,"column":null}},"26":{"start":{"line":65,"column":8},"end":{"line":65,"column":null}},"27":{"start":{"line":68,"column":6},"end":{"line":68,"column":null}},"28":{"start":{"line":72,"column":4},"end":{"line":78,"column":null}},"29":{"start":{"line":73,"column":6},"end":{"line":73,"column":null}},"30":{"start":{"line":74,"column":6},"end":{"line":76,"column":null}},"31":{"start":{"line":75,"column":8},"end":{"line":75,"column":null}},"32":{"start":{"line":77,"column":6},"end":{"line":77,"column":null}},"33":{"start":{"line":80,"column":4},"end":{"line":80,"column":null}},"34":{"start":{"line":83,"column":4},"end":{"line":88,"column":null}},"35":{"start":{"line":84,"column":6},"end":{"line":84,"column":null}},"36":{"start":{"line":85,"column":6},"end":{"line":85,"column":null}},"37":{"start":{"line":86,"column":6},"end":{"line":86,"column":null}},"38":{"start":{"line":87,"column":6},"end":{"line":87,"column":null}},"39":{"start":{"line":91,"column":4},"end":{"line":91,"column":null}},"40":{"start":{"line":92,"column":4},"end":{"line":92,"column":null}},"41":{"start":{"line":101,"column":8},"end":{"line":101,"column":null}},"42":{"start":{"line":103,"column":2},"end":{"line":108,"column":null}},"43":{"start":{"line":104,"column":4},"end":{"line":106,"column":null}},"44":{"start":{"line":105,"column":41},"end":{"line":105,"column":50}},"45":{"start":{"line":107,"column":4},"end":{"line":107,"column":null}},"46":{"start":{"line":110,"column":14},"end":{"line":110,"column":null}},"47":{"start":{"line":111,"column":2},"end":{"line":113,"column":null}},"48":{"start":{"line":112,"column":4},"end":{"line":112,"column":null}},"49":{"start":{"line":116,"column":2},"end":{"line":124,"column":null}},"50":{"start":{"line":117,"column":23},"end":{"line":117,"column":null}},"51":{"start":{"line":118,"column":4},"end":{"line":123,"column":null}},"52":{"start":{"line":119,"column":6},"end":{"line":119,"column":null}},"53":{"start":{"line":120,"column":6},"end":{"line":120,"column":null}},"54":{"start":{"line":122,"column":6},"end":{"line":122,"column":null}},"55":{"start":{"line":126,"column":2},"end":{"line":126,"column":null}},"56":{"start":{"line":127,"column":2},"end":{"line":127,"column":null}},"57":{"start":{"line":134,"column":20},"end":{"line":134,"column":null}},"58":{"start":{"line":135,"column":2},"end":{"line":135,"column":null}},"59":{"start":{"line":142,"column":2},"end":{"line":142,"column":null}},"60":{"start":{"line":149,"column":18},"end":{"line":149,"column":null}},"61":{"start":{"line":150,"column":2},"end":{"line":153,"column":null}},"62":{"start":{"line":152,"column":4},"end":{"line":152,"column":null}},"63":{"start":{"line":154,"column":2},"end":{"line":154,"column":null}},"64":{"start":{"line":161,"column":20},"end":{"line":161,"column":null}},"65":{"start":{"line":163,"column":2},"end":{"line":165,"column":null}},"66":{"start":{"line":164,"column":4},"end":{"line":164,"column":null}},"67":{"start":{"line":167,"column":2},"end":{"line":174,"column":null}},"68":{"start":{"line":176,"column":2},"end":{"line":176,"column":null}},"69":{"start":{"line":183,"column":20},"end":{"line":183,"column":null}},"70":{"start":{"line":185,"column":2},"end":{"line":190,"column":null}},"71":{"start":{"line":186,"column":4},"end":{"line":186,"column":null}},"72":{"start":{"line":187,"column":4},"end":{"line":187,"column":null}},"73":{"start":{"line":189,"column":4},"end":{"line":189,"column":null}},"74":{"start":{"line":197,"column":20},"end":{"line":197,"column":null}},"75":{"start":{"line":199,"column":2},"end":{"line":202,"column":null}},"76":{"start":{"line":200,"column":4},"end":{"line":200,"column":null}},"77":{"start":{"line":201,"column":4},"end":{"line":201,"column":null}},"78":{"start":{"line":209,"column":20},"end":{"line":209,"column":null}},"79":{"start":{"line":211,"column":2},"end":{"line":216,"column":null}},"80":{"start":{"line":212,"column":4},"end":{"line":212,"column":null}},"81":{"start":{"line":213,"column":4},"end":{"line":213,"column":null}},"82":{"start":{"line":215,"column":4},"end":{"line":215,"column":null}},"83":{"start":{"line":223,"column":20},"end":{"line":223,"column":null}},"84":{"start":{"line":225,"column":2},"end":{"line":230,"column":null}},"85":{"start":{"line":226,"column":4},"end":{"line":226,"column":null}},"86":{"start":{"line":227,"column":4},"end":{"line":227,"column":null}},"87":{"start":{"line":229,"column":4},"end":{"line":229,"column":null}},"88":{"start":{"line":237,"column":20},"end":{"line":237,"column":null}},"89":{"start":{"line":239,"column":2},"end":{"line":242,"column":null}},"90":{"start":{"line":240,"column":4},"end":{"line":240,"column":null}},"91":{"start":{"line":241,"column":4},"end":{"line":241,"column":null}},"92":{"start":{"line":249,"column":20},"end":{"line":249,"column":null}},"93":{"start":{"line":251,"column":2},"end":{"line":259,"column":null}},"94":{"start":{"line":252,"column":4},"end":{"line":255,"column":null}},"95":{"start":{"line":256,"column":4},"end":{"line":256,"column":null}},"96":{"start":{"line":258,"column":4},"end":{"line":258,"column":null}},"97":{"start":{"line":266,"column":20},"end":{"line":266,"column":null}},"98":{"start":{"line":268,"column":2},"end":{"line":276,"column":null}},"99":{"start":{"line":269,"column":4},"end":{"line":272,"column":null}},"100":{"start":{"line":273,"column":4},"end":{"line":273,"column":null}},"101":{"start":{"line":275,"column":4},"end":{"line":275,"column":null}}},"fnMap":{"0":{"name":"isDebugMode","decl":{"start":{"line":23,"column":9},"end":{"line":23,"column":32}},"loc":{"start":{"line":23,"column":32},"end":{"line":25,"column":null}},"line":23},"1":{"name":"readMCPConfig","decl":{"start":{"line":30,"column":16},"end":{"line":30,"column":43}},"loc":{"start":{"line":30,"column":43},"end":{"line":94,"column":null}},"line":30},"2":{"name":"(anonymous_2)","decl":{"start":{"line":45,"column":38},"end":{"line":45,"column":43}},"loc":{"start":{"line":45,"column":43},"end":{"line":45,"column":52}},"line":45},"3":{"name":"(anonymous_3)","decl":{"start":{"line":46,"column":42},"end":{"line":46,"column":47}},"loc":{"start":{"line":46,"column":47},"end":{"line":46,"column":56}},"line":46},"4":{"name":"writeMCPConfig","decl":{"start":{"line":99,"column":16},"end":{"line":99,"column":31}},"loc":{"start":{"line":99,"column":59},"end":{"line":128,"column":null}},"line":99},"5":{"name":"(anonymous_5)","decl":{"start":{"line":105,"column":36},"end":{"line":105,"column":41}},"loc":{"start":{"line":105,"column":41},"end":{"line":105,"column":50}},"line":105},"6":{"name":"listMCPServers","decl":{"start":{"line":133,"column":16},"end":{"line":133,"column":60}},"loc":{"start":{"line":133,"column":60},"end":{"line":136,"column":null}},"line":133},"7":{"name":"getServerNames","decl":{"start":{"line":141,"column":16},"end":{"line":141,"column":43}},"loc":{"start":{"line":141,"column":43},"end":{"line":143,"column":null}},"line":141},"8":{"name":"getMCPServer","decl":{"start":{"line":148,"column":16},"end":{"line":148,"column":29}},"loc":{"start":{"line":148,"column":61},"end":{"line":155,"column":null}},"line":148},"9":{"name":"addMCPServer","decl":{"start":{"line":160,"column":16},"end":{"line":160,"column":29}},"loc":{"start":{"line":160,"column":83},"end":{"line":177,"column":null}},"line":160},"10":{"name":"removeMCPServer","decl":{"start":{"line":182,"column":16},"end":{"line":182,"column":32}},"loc":{"start":{"line":182,"column":52},"end":{"line":191,"column":null}},"line":182},"11":{"name":"updateServerTools","decl":{"start":{"line":196,"column":16},"end":{"line":196,"column":34}},"loc":{"start":{"line":196,"column":71},"end":{"line":203,"column":null}},"line":196},"12":{"name":"enableMCPServer","decl":{"start":{"line":208,"column":16},"end":{"line":208,"column":32}},"loc":{"start":{"line":208,"column":52},"end":{"line":217,"column":null}},"line":208},"13":{"name":"disableMCPServer","decl":{"start":{"line":222,"column":16},"end":{"line":222,"column":33}},"loc":{"start":{"line":222,"column":53},"end":{"line":231,"column":null}},"line":222},"14":{"name":"updateLastUsed","decl":{"start":{"line":236,"column":16},"end":{"line":236,"column":31}},"loc":{"start":{"line":236,"column":51},"end":{"line":243,"column":null}},"line":236},"15":{"name":"updateServerConfig","decl":{"start":{"line":248,"column":16},"end":{"line":248,"column":35}},"loc":{"start":{"line":248,"column":88},"end":{"line":260,"column":null}},"line":248},"16":{"name":"updateServerEnv","decl":{"start":{"line":265,"column":16},"end":{"line":265,"column":32}},"loc":{"start":{"line":265,"column":81},"end":{"line":277,"column":null}},"line":265}},"branchMap":{"0":{"loc":{"start":{"line":32,"column":4},"end":{"line":35,"column":null}},"type":"if","locations":[{"start":{"line":32,"column":4},"end":{"line":35,"column":null}},{"start":{},"end":{}}],"line":32},"1":{"loc":{"start":{"line":43,"column":4},"end":{"line":69,"column":null}},"type":"if","locations":[{"start":{"line":43,"column":4},"end":{"line":69,"column":null}},{"start":{},"end":{}}],"line":43},"2":{"loc":{"start":{"line":49,"column":6},"end":{"line":58,"column":null}},"type":"if","locations":[{"start":{"line":49,"column":6},"end":{"line":58,"column":null}},{"start":{},"end":{}}],"line":49},"3":{"loc":{"start":{"line":62,"column":6},"end":{"line":66,"column":null}},"type":"if","locations":[{"start":{"line":62,"column":6},"end":{"line":66,"column":null}},{"start":{},"end":{}}],"line":62},"4":{"loc":{"start":{"line":72,"column":4},"end":{"line":78,"column":null}},"type":"if","locations":[{"start":{"line":72,"column":4},"end":{"line":78,"column":null}},{"start":{},"end":{}}],"line":72},"5":{"loc":{"start":{"line":72,"column":8},"end":{"line":72,"column":57}},"type":"binary-expr","locations":[{"start":{"line":72,"column":8},"end":{"line":72,"column":42}},{"start":{"line":72,"column":42},"end":{"line":72,"column":57}}],"line":72},"6":{"loc":{"start":{"line":83,"column":4},"end":{"line":88,"column":null}},"type":"if","locations":[{"start":{"line":83,"column":4},"end":{"line":88,"column":null}},{"start":{},"end":{}}],"line":83},"7":{"loc":{"start":{"line":103,"column":2},"end":{"line":108,"column":null}},"type":"if","locations":[{"start":{"line":103,"column":2},"end":{"line":108,"column":null}},{"start":{},"end":{}}],"line":103},"8":{"loc":{"start":{"line":111,"column":2},"end":{"line":113,"column":null}},"type":"if","locations":[{"start":{"line":111,"column":2},"end":{"line":113,"column":null}},{"start":{},"end":{}}],"line":111},"9":{"loc":{"start":{"line":116,"column":2},"end":{"line":124,"column":null}},"type":"if","locations":[{"start":{"line":116,"column":2},"end":{"line":124,"column":null}},{"start":{},"end":{}}],"line":116},"10":{"loc":{"start":{"line":122,"column":51},"end":{"line":122,"column":100}},"type":"cond-expr","locations":[{"start":{"line":122,"column":74},"end":{"line":122,"column":88}},{"start":{"line":122,"column":88},"end":{"line":122,"column":100}}],"line":122},"11":{"loc":{"start":{"line":127,"column":69},"end":{"line":127,"column":92}},"type":"binary-expr","locations":[{"start":{"line":127,"column":69},"end":{"line":127,"column":90}},{"start":{"line":127,"column":90},"end":{"line":127,"column":92}}],"line":127},"12":{"loc":{"start":{"line":135,"column":9},"end":{"line":135,"column":null}},"type":"binary-expr","locations":[{"start":{"line":135,"column":9},"end":{"line":135,"column":30}},{"start":{"line":135,"column":30},"end":{"line":135,"column":null}}],"line":135},"13":{"loc":{"start":{"line":150,"column":2},"end":{"line":153,"column":null}},"type":"if","locations":[{"start":{"line":150,"column":2},"end":{"line":153,"column":null}},{"start":{},"end":{}}],"line":150},"14":{"loc":{"start":{"line":154,"column":9},"end":{"line":154,"column":null}},"type":"binary-expr","locations":[{"start":{"line":154,"column":9},"end":{"line":154,"column":26}},{"start":{"line":154,"column":26},"end":{"line":154,"column":null}}],"line":154},"15":{"loc":{"start":{"line":163,"column":2},"end":{"line":165,"column":null}},"type":"if","locations":[{"start":{"line":163,"column":2},"end":{"line":165,"column":null}},{"start":{},"end":{}}],"line":163},"16":{"loc":{"start":{"line":185,"column":2},"end":{"line":190,"column":null}},"type":"if","locations":[{"start":{"line":185,"column":2},"end":{"line":190,"column":null}},{"start":{"line":188,"column":9},"end":{"line":190,"column":null}}],"line":185},"17":{"loc":{"start":{"line":185,"column":6},"end":{"line":185,"column":52}},"type":"binary-expr","locations":[{"start":{"line":185,"column":6},"end":{"line":185,"column":27}},{"start":{"line":185,"column":27},"end":{"line":185,"column":52}}],"line":185},"18":{"loc":{"start":{"line":199,"column":2},"end":{"line":202,"column":null}},"type":"if","locations":[{"start":{"line":199,"column":2},"end":{"line":202,"column":null}},{"start":{},"end":{}}],"line":199},"19":{"loc":{"start":{"line":199,"column":6},"end":{"line":199,"column":52}},"type":"binary-expr","locations":[{"start":{"line":199,"column":6},"end":{"line":199,"column":27}},{"start":{"line":199,"column":27},"end":{"line":199,"column":52}}],"line":199},"20":{"loc":{"start":{"line":211,"column":2},"end":{"line":216,"column":null}},"type":"if","locations":[{"start":{"line":211,"column":2},"end":{"line":216,"column":null}},{"start":{"line":214,"column":9},"end":{"line":216,"column":null}}],"line":211},"21":{"loc":{"start":{"line":211,"column":6},"end":{"line":211,"column":52}},"type":"binary-expr","locations":[{"start":{"line":211,"column":6},"end":{"line":211,"column":27}},{"start":{"line":211,"column":27},"end":{"line":211,"column":52}}],"line":211},"22":{"loc":{"start":{"line":225,"column":2},"end":{"line":230,"column":null}},"type":"if","locations":[{"start":{"line":225,"column":2},"end":{"line":230,"column":null}},{"start":{"line":228,"column":9},"end":{"line":230,"column":null}}],"line":225},"23":{"loc":{"start":{"line":225,"column":6},"end":{"line":225,"column":52}},"type":"binary-expr","locations":[{"start":{"line":225,"column":6},"end":{"line":225,"column":27}},{"start":{"line":225,"column":27},"end":{"line":225,"column":52}}],"line":225},"24":{"loc":{"start":{"line":239,"column":2},"end":{"line":242,"column":null}},"type":"if","locations":[{"start":{"line":239,"column":2},"end":{"line":242,"column":null}},{"start":{},"end":{}}],"line":239},"25":{"loc":{"start":{"line":239,"column":6},"end":{"line":239,"column":52}},"type":"binary-expr","locations":[{"start":{"line":239,"column":6},"end":{"line":239,"column":27}},{"start":{"line":239,"column":27},"end":{"line":239,"column":52}}],"line":239},"26":{"loc":{"start":{"line":251,"column":2},"end":{"line":259,"column":null}},"type":"if","locations":[{"start":{"line":251,"column":2},"end":{"line":259,"column":null}},{"start":{"line":257,"column":9},"end":{"line":259,"column":null}}],"line":251},"27":{"loc":{"start":{"line":251,"column":6},"end":{"line":251,"column":52}},"type":"binary-expr","locations":[{"start":{"line":251,"column":6},"end":{"line":251,"column":27}},{"start":{"line":251,"column":27},"end":{"line":251,"column":52}}],"line":251},"28":{"loc":{"start":{"line":268,"column":2},"end":{"line":276,"column":null}},"type":"if","locations":[{"start":{"line":268,"column":2},"end":{"line":276,"column":null}},{"start":{"line":274,"column":9},"end":{"line":276,"column":null}}],"line":268},"29":{"loc":{"start":{"line":268,"column":6},"end":{"line":268,"column":52}},"type":"binary-expr","locations":[{"start":{"line":268,"column":6},"end":{"line":268,"column":27}},{"start":{"line":268,"column":27},"end":{"line":268,"column":52}}],"line":268}},"s":{"0":5,"1":5,"2":5,"3":92,"4":94,"5":94,"6":2,"7":2,"8":92,"9":92,"10":92,"11":92,"12":0,"13":0,"14":0,"15":0,"16":0,"17":0,"18":0,"19":0,"20":0,"21":0,"22":0,"23":0,"24":0,"25":0,"26":0,"27":0,"28":92,"29":0,"30":0,"31":0,"32":0,"33":92,"34":0,"35":0,"36":0,"37":0,"38":0,"39":0,"40":0,"41":35,"42":35,"43":0,"44":0,"45":0,"46":35,"47":35,"48":0,"49":35,"50":35,"51":35,"52":35,"53":35,"54":0,"55":35,"56":35,"57":47,"58":47,"59":10,"60":17,"61":17,"62":0,"63":17,"64":18,"65":18,"66":0,"67":18,"68":18,"69":23,"70":23,"71":14,"72":14,"73":9,"74":4,"75":4,"76":2,"77":2,"78":0,"79":0,"80":0,"81":0,"82":0,"83":0,"84":0,"85":0,"86":0,"87":0,"88":0,"89":0,"90":0,"91":0,"92":0,"93":0,"94":0,"95":0,"96":0,"97":0,"98":0,"99":0,"100":0,"101":0},"f":{"0":92,"1":94,"2":0,"3":0,"4":35,"5":0,"6":47,"7":10,"8":17,"9":18,"10":23,"11":4,"12":0,"13":0,"14":0,"15":0,"16":0},"b":{"0":[2,92],"1":[0,92],"2":[0,0],"3":[0,0],"4":[0,92],"5":[92,92],"6":[0,0],"7":[0,35],"8":[0,35],"9":[35,0],"10":[0,0],"11":[35,0],"12":[47,0],"13":[0,17],"14":[17,6],"15":[0,18],"16":[14,9],"17":[23,23],"18":[2,2],"19":[4,4],"20":[0,0],"21":[0,0],"22":[0,0],"23":[0,0],"24":[0,0],"25":[0,0],"26":[0,0],"27":[0,0],"28":[0,0],"29":[0,0]},"meta":{"lastBranch":30,"lastFunction":17,"lastStatement":102,"seen":{"s:14:6:14:Infinity":0,"s:15:18:15:Infinity":1,"s:18:20:18:Infinity":2,"f:23:9:23:32":0,"s:24:2:24:Infinity":3,"f:30:16:30:43":1,"s:31:2:93:Infinity":4,"b:32:4:35:Infinity:undefined:undefined:undefined:undefined":0,"s:32:4:35:Infinity":5,"s:33:6:33:Infinity":6,"s:34:6:34:Infinity":7,"s:37:20:37:Infinity":8,"s:38:22:38:Infinity":9,"s:41:10:41:Infinity":10,"b:43:4:69:Infinity:undefined:undefined:undefined:undefined":1,"s:43:4:69:Infinity":11,"s:44:6:47:Infinity":12,"f:45:38:45:43":2,"s:45:43:45:52":13,"f:46:42:46:47":3,"s:46:47:46:56":14,"b:49:6:58:Infinity:undefined:undefined:undefined:undefined":2,"s:49:6:58:Infinity":15,"s:50:8:50:Infinity":16,"s:51:8:53:Infinity":17,"s:52:10:52:Infinity":18,"s:54:8:56:Infinity":19,"s:55:10:55:Infinity":20,"s:57:8:57:Infinity":21,"s:61:12:61:Infinity":22,"b:62:6:66:Infinity:undefined:undefined:undefined:undefined":3,"s:62:6:66:Infinity":23,"s:63:8:63:Infinity":24,"s:64:8:64:Infinity":25,"s:65:8:65:Infinity":26,"s:68:6:68:Infinity":27,"b:72:4:78:Infinity:undefined:undefined:undefined:undefined":4,"s:72:4:78:Infinity":28,"b:72:8:72:42:72:42:72:57":5,"s:73:6:73:Infinity":29,"s:74:6:76:Infinity":30,"s:75:8:75:Infinity":31,"s:77:6:77:Infinity":32,"s:80:4:80:Infinity":33,"b:83:4:88:Infinity:undefined:undefined:undefined:undefined":6,"s:83:4:88:Infinity":34,"s:84:6:84:Infinity":35,"s:85:6:85:Infinity":36,"s:86:6:86:Infinity":37,"s:87:6:87:Infinity":38,"s:91:4:91:Infinity":39,"s:92:4:92:Infinity":40,"f:99:16:99:31":4,"s:101:8:101:Infinity":41,"b:103:2:108:Infinity:undefined:undefined:undefined:undefined":7,"s:103:2:108:Infinity":42,"s:104:4:106:Infinity":43,"f:105:36:105:41":5,"s:105:41:105:50":44,"s:107:4:107:Infinity":45,"s:110:14:110:Infinity":46,"b:111:2:113:Infinity:undefined:undefined:undefined:undefined":8,"s:111:2:113:Infinity":47,"s:112:4:112:Infinity":48,"b:116:2:124:Infinity:undefined:undefined:undefined:undefined":9,"s:116:2:124:Infinity":49,"s:117:23:117:Infinity":50,"s:118:4:123:Infinity":51,"s:119:6:119:Infinity":52,"s:120:6:120:Infinity":53,"s:122:6:122:Infinity":54,"b:122:74:122:88:122:88:122:100":10,"s:126:2:126:Infinity":55,"s:127:2:127:Infinity":56,"b:127:69:127:90:127:90:127:92":11,"f:133:16:133:60":6,"s:134:20:134:Infinity":57,"s:135:2:135:Infinity":58,"b:135:9:135:30:135:30:135:Infinity":12,"f:141:16:141:43":7,"s:142:2:142:Infinity":59,"f:148:16:148:29":8,"s:149:18:149:Infinity":60,"b:150:2:153:Infinity:undefined:undefined:undefined:undefined":13,"s:150:2:153:Infinity":61,"s:152:4:152:Infinity":62,"s:154:2:154:Infinity":63,"b:154:9:154:26:154:26:154:Infinity":14,"f:160:16:160:29":9,"s:161:20:161:Infinity":64,"b:163:2:165:Infinity:undefined:undefined:undefined:undefined":15,"s:163:2:165:Infinity":65,"s:164:4:164:Infinity":66,"s:167:2:174:Infinity":67,"s:176:2:176:Infinity":68,"f:182:16:182:32":10,"s:183:20:183:Infinity":69,"b:185:2:190:Infinity:188:9:190:Infinity":16,"s:185:2:190:Infinity":70,"b:185:6:185:27:185:27:185:52":17,"s:186:4:186:Infinity":71,"s:187:4:187:Infinity":72,"s:189:4:189:Infinity":73,"f:196:16:196:34":11,"s:197:20:197:Infinity":74,"b:199:2:202:Infinity:undefined:undefined:undefined:undefined":18,"s:199:2:202:Infinity":75,"b:199:6:199:27:199:27:199:52":19,"s:200:4:200:Infinity":76,"s:201:4:201:Infinity":77,"f:208:16:208:32":12,"s:209:20:209:Infinity":78,"b:211:2:216:Infinity:214:9:216:Infinity":20,"s:211:2:216:Infinity":79,"b:211:6:211:27:211:27:211:52":21,"s:212:4:212:Infinity":80,"s:213:4:213:Infinity":81,"s:215:4:215:Infinity":82,"f:222:16:222:33":13,"s:223:20:223:Infinity":83,"b:225:2:230:Infinity:228:9:230:Infinity":22,"s:225:2:230:Infinity":84,"b:225:6:225:27:225:27:225:52":23,"s:226:4:226:Infinity":85,"s:227:4:227:Infinity":86,"s:229:4:229:Infinity":87,"f:236:16:236:31":14,"s:237:20:237:Infinity":88,"b:239:2:242:Infinity:undefined:undefined:undefined:undefined":24,"s:239:2:242:Infinity":89,"b:239:6:239:27:239:27:239:52":25,"s:240:4:240:Infinity":90,"s:241:4:241:Infinity":91,"f:248:16:248:35":15,"s:249:20:249:Infinity":92,"b:251:2:259:Infinity:257:9:259:Infinity":26,"s:251:2:259:Infinity":93,"b:251:6:251:27:251:27:251:52":27,"s:252:4:255:Infinity":94,"s:256:4:256:Infinity":95,"s:258:4:258:Infinity":96,"f:265:16:265:32":16,"s:266:20:266:Infinity":97,"b:268:2:276:Infinity:274:9:276:Infinity":28,"s:268:2:276:Infinity":98,"b:268:6:268:27:268:27:268:52":29,"s:269:4:272:Infinity":99,"s:273:4:273:Infinity":100,"s:275:4:275:Infinity":101}}}
,"/Users/jagadeeshkumarchippada/OpenClaw-MCP-Bridge/src/lib/errors.ts": {"path":"/Users/jagadeeshkumarchippada/OpenClaw-MCP-Bridge/src/lib/errors.ts","statementMap":{"0":{"start":{"line":9,"column":7},"end":{"line":9,"column":null}},"1":{"start":{"line":11,"column":2},"end":{"line":11,"column":null}},"2":{"start":{"line":12,"column":2},"end":{"line":12,"column":null}},"3":{"start":{"line":13,"column":2},"end":{"line":13,"column":null}},"4":{"start":{"line":16,"column":2},"end":{"line":16,"column":null}},"5":{"start":{"line":17,"column":2},"end":{"line":17,"column":null}},"6":{"start":{"line":18,"column":2},"end":{"line":18,"column":null}},"7":{"start":{"line":19,"column":2},"end":{"line":19,"column":null}},"8":{"start":{"line":20,"column":2},"end":{"line":20,"column":null}},"9":{"start":{"line":23,"column":2},"end":{"line":23,"column":null}},"10":{"start":{"line":24,"column":2},"end":{"line":24,"column":null}},"11":{"start":{"line":25,"column":2},"end":{"line":25,"column":null}},"12":{"start":{"line":28,"column":2},"end":{"line":28,"column":null}},"13":{"start":{"line":29,"column":2},"end":{"line":29,"column":null}},"14":{"start":{"line":30,"column":2},"end":{"line":30,"column":null}},"15":{"start":{"line":33,"column":2},"end":{"line":33,"column":null}},"16":{"start":{"line":34,"column":2},"end":{"line":34,"column":null}},"17":{"start":{"line":35,"column":2},"end":{"line":35,"column":null}},"18":{"start":{"line":36,"column":2},"end":{"line":36,"column":null}},"19":{"start":{"line":39,"column":2},"end":{"line":39,"column":null}},"20":{"start":{"line":9,"column":12},"end":{"line":9,"column":null}},"21":{"start":{"line":43,"column":50},"end":{"line":58,"column":null}},"22":{"start":{"line":64,"column":18},"end":{"line":64,"column":null}},"23":{"start":{"line":66,"column":2},"end":{"line":70,"column":null}},"24":{"start":{"line":67,"column":4},"end":{"line":69,"column":null}},"25":{"start":{"line":68,"column":6},"end":{"line":68,"column":null}},"26":{"start":{"line":72,"column":2},"end":{"line":72,"column":null}},"27":{"start":{"line":89,"column":15},"end":{"line":89,"column":null}},"28":{"start":{"line":90,"column":18},"end":{"line":90,"column":null}},"29":{"start":{"line":93,"column":2},"end":{"line":204,"column":null}},"30":{"start":{"line":96,"column":6},"end":{"line":100,"column":null}},"31":{"start":{"line":103,"column":6},"end":{"line":107,"column":null}},"32":{"start":{"line":110,"column":6},"end":{"line":115,"column":null}},"33":{"start":{"line":118,"column":6},"end":{"line":123,"column":null}},"34":{"start":{"line":126,"column":6},"end":{"line":130,"column":null}},"35":{"start":{"line":133,"column":6},"end":{"line":138,"column":null}},"36":{"start":{"line":141,"column":6},"end":{"line":146,"column":null}},"37":{"start":{"line":149,"column":6},"end":{"line":153,"column":null}},"38":{"start":{"line":156,"column":6},"end":{"line":161,"column":null}},"39":{"start":{"line":164,"column":6},"end":{"line":169,"column":null}},"40":{"start":{"line":173,"column":6},"end":{"line":178,"column":null}},"41":{"start":{"line":181,"column":6},"end":{"line":186,"column":null}},"42":{"start":{"line":189,"column":6},"end":{"line":194,"column":null}},"43":{"start":{"line":198,"column":6},"end":{"line":203,"column":null}},"44":{"start":{"line":211,"column":26},"end":{"line":211,"column":null}},"45":{"start":{"line":213,"column":2},"end":{"line":221,"column":null}},"46":{"start":{"line":214,"column":4},"end":{"line":214,"column":null}},"47":{"start":{"line":215,"column":4},"end":{"line":220,"column":null}},"48":{"start":{"line":216,"column":6},"end":{"line":216,"column":null}},"49":{"start":{"line":217,"column":6},"end":{"line":219,"column":null}},"50":{"start":{"line":218,"column":8},"end":{"line":218,"column":null}},"51":{"start":{"line":223,"column":2},"end":{"line":229,"column":null}},"52":{"start":{"line":224,"column":4},"end":{"line":224,"column":null}},"53":{"start":{"line":225,"column":4},"end":{"line":225,"column":null}},"54":{"start":{"line":226,"column":4},"end":{"line":228,"column":null}},"55":{"start":{"line":227,"column":6},"end":{"line":227,"column":null}},"56":{"start":{"line":231,"column":2},"end":{"line":231,"column":null}},"57":{"start":{"line":243,"column":20},"end":{"line":243,"column":null}},"58":{"start":{"line":246,"column":2},"end":{"line":249,"column":null}},"59":{"start":{"line":252,"column":2},"end":{"line":252,"column":null}},"60":{"start":{"line":254,"column":2},"end":{"line":256,"column":null}},"61":{"start":{"line":255,"column":4},"end":{"line":255,"column":null}},"62":{"start":{"line":258,"column":2},"end":{"line":260,"column":null}},"63":{"start":{"line":259,"column":4},"end":{"line":259,"column":null}},"64":{"start":{"line":263,"column":2},"end":{"line":265,"column":null}},"65":{"start":{"line":264,"column":4},"end":{"line":264,"column":null}},"66":{"start":{"line":267,"column":2},"end":{"line":267,"column":null}},"67":{"start":{"line":277,"column":2},"end":{"line":285,"column":null}},"68":{"start":{"line":278,"column":4},"end":{"line":284,"column":null}},"69":{"start":{"line":279,"column":6},"end":{"line":279,"column":null}},"70":{"start":{"line":281,"column":6},"end":{"line":281,"column":null}},"71":{"start":{"line":283,"column":6},"end":{"line":283,"column":null}}},"fnMap":{"0":{"name":"(anonymous_0)","decl":{"start":{"line":9,"column":7},"end":{"line":9,"column":12}},"loc":{"start":{"line":9,"column":7},"end":{"line":9,"column":null}},"line":9},"1":{"name":"getErrorCode","decl":{"start":{"line":63,"column":16},"end":{"line":63,"column":29}},"loc":{"start":{"line":63,"column":64},"end":{"line":73,"column":null}},"line":63},"2":{"name":"getUserError","decl":{"start":{"line":88,"column":16},"end":{"line":88,"column":29}},"loc":{"start":{"line":88,"column":64},"end":{"line":205,"column":null}},"line":88},"3":{"name":"formatValidationErrors","decl":{"start":{"line":210,"column":16},"end":{"line":210,"column":39}},"loc":{"start":{"line":210,"column":106},"end":{"line":232,"column":null}},"line":210},"4":{"name":"handleError","decl":{"start":{"line":238,"column":16},"end":{"line":238,"column":28}},"loc":{"start":{"line":242,"column":12},"end":{"line":268,"column":null}},"line":242},"5":{"name":"withErrorHandling","decl":{"start":{"line":273,"column":16},"end":{"line":273,"column":null}},"loc":{"start":{"line":276,"column":5},"end":{"line":286,"column":null}},"line":276},"6":{"name":"(anonymous_6)","decl":{"start":{"line":277,"column":10},"end":{"line":277,"column":14}},"loc":{"start":{"line":277,"column":34},"end":{"line":285,"column":null}},"line":277}},"branchMap":{"0":{"loc":{"start":{"line":9,"column":12},"end":{"line":9,"column":null}},"type":"binary-expr","locations":[{"start":{"line":9,"column":12},"end":{"line":9,"column":null}},{"start":{"line":9,"column":12},"end":{"line":9,"column":null}}],"line":9},"1":{"loc":{"start":{"line":64,"column":18},"end":{"line":64,"column":null}},"type":"cond-expr","locations":[{"start":{"line":64,"column":43},"end":{"line":64,"column":59}},{"start":{"line":64,"column":59},"end":{"line":64,"column":null}}],"line":64},"2":{"loc":{"start":{"line":67,"column":4},"end":{"line":69,"column":null}},"type":"if","locations":[{"start":{"line":67,"column":4},"end":{"line":69,"column":null}},{"start":{},"end":{}}],"line":67},"3":{"loc":{"start":{"line":90,"column":18},"end":{"line":90,"column":null}},"type":"cond-expr","locations":[{"start":{"line":90,"column":43},"end":{"line":90,"column":59}},{"start":{"line":90,"column":59},"end":{"line":90,"column":null}}],"line":90},"4":{"loc":{"start":{"line":93,"column":2},"end":{"line":204,"column":null}},"type":"switch","locations":[{"start":{"line":94,"column":4},"end":{"line":94,"column":null}},{"start":{"line":95,"column":4},"end":{"line":100,"column":null}},{"start":{"line":102,"column":4},"end":{"line":107,"column":null}},{"start":{"line":109,"column":4},"end":{"line":115,"column":null}},{"start":{"line":117,"column":4},"end":{"line":123,"column":null}},{"start":{"line":125,"column":4},"end":{"line":130,"column":null}},{"start":{"line":132,"column":4},"end":{"line":138,"column":null}},{"start":{"line":140,"column":4},"end":{"line":146,"column":null}},{"start":{"line":148,"column":4},"end":{"line":153,"column":null}},{"start":{"line":155,"column":4},"end":{"line":161,"column":null}},{"start":{"line":163,"column":4},"end":{"line":169,"column":null}},{"start":{"line":171,"column":4},"end":{"line":171,"column":null}},{"start":{"line":172,"column":4},"end":{"line":178,"column":null}},{"start":{"line":180,"column":4},"end":{"line":186,"column":null}},{"start":{"line":188,"column":4},"end":{"line":194,"column":null}},{"start":{"line":196,"column":4},"end":{"line":196,"column":null}},{"start":{"line":197,"column":4},"end":{"line":203,"column":null}}],"line":93},"5":{"loc":{"start":{"line":213,"column":2},"end":{"line":221,"column":null}},"type":"if","locations":[{"start":{"line":213,"column":2},"end":{"line":221,"column":null}},{"start":{},"end":{}}],"line":213},"6":{"loc":{"start":{"line":217,"column":6},"end":{"line":219,"column":null}},"type":"if","locations":[{"start":{"line":217,"column":6},"end":{"line":219,"column":null}},{"start":{},"end":{}}],"line":217},"7":{"loc":{"start":{"line":223,"column":2},"end":{"line":229,"column":null}},"type":"if","locations":[{"start":{"line":223,"column":2},"end":{"line":229,"column":null}},{"start":{},"end":{}}],"line":223},"8":{"loc":{"start":{"line":223,"column":6},"end":{"line":223,"column":39}},"type":"binary-expr","locations":[{"start":{"line":223,"column":6},"end":{"line":223,"column":18}},{"start":{"line":223,"column":18},"end":{"line":223,"column":39}}],"line":223},"9":{"loc":{"start":{"line":248,"column":19},"end":{"line":248,"column":null}},"type":"cond-expr","locations":[{"start":{"line":248,"column":44},"end":{"line":248,"column":60}},{"start":{"line":248,"column":60},"end":{"line":248,"column":null}}],"line":248},"10":{"loc":{"start":{"line":254,"column":2},"end":{"line":256,"column":null}},"type":"if","locations":[{"start":{"line":254,"column":2},"end":{"line":256,"column":null}},{"start":{},"end":{}}],"line":254},"11":{"loc":{"start":{"line":258,"column":2},"end":{"line":260,"column":null}},"type":"if","locations":[{"start":{"line":258,"column":2},"end":{"line":260,"column":null}},{"start":{},"end":{}}],"line":258},"12":{"loc":{"start":{"line":258,"column":6},"end":{"line":258,"column":85}},"type":"binary-expr","locations":[{"start":{"line":258,"column":6},"end":{"line":258,"column":28}},{"start":{"line":258,"column":28},"end":{"line":258,"column":48}},{"start":{"line":258,"column":48},"end":{"line":258,"column":85}}],"line":258},"13":{"loc":{"start":{"line":263,"column":2},"end":{"line":265,"column":null}},"type":"if","locations":[{"start":{"line":263,"column":2},"end":{"line":265,"column":null}},{"start":{},"end":{}}],"line":263},"14":{"loc":{"start":{"line":264,"column":17},"end":{"line":264,"column":39}},"type":"binary-expr","locations":[{"start":{"line":264,"column":17},"end":{"line":264,"column":38}},{"start":{"line":264,"column":38},"end":{"line":264,"column":39}}],"line":264}},"s":{"0":5,"1":5,"2":5,"3":5,"4":5,"5":5,"6":5,"7":5,"8":5,"9":5,"10":5,"11":5,"12":5,"13":5,"14":5,"15":5,"16":5,"17":5,"18":5,"19":5,"20":5,"21":5,"22":0,"23":0,"24":0,"25":0,"26":0,"27":0,"28":0,"29":0,"30":0,"31":0,"32":0,"33":0,"34":0,"35":0,"36":0,"37":0,"38":0,"39":0,"40":0,"41":0,"42":0,"43":0,"44":0,"45":0,"46":0,"47":0,"48":0,"49":0,"50":0,"51":0,"52":0,"53":0,"54":0,"55":0,"56":0,"57":0,"58":0,"59":0,"60":0,"61":0,"62":0,"63":0,"64":0,"65":0,"66":0,"67":0,"68":0,"69":0,"70":0,"71":0},"f":{"0":5,"1":0,"2":0,"3":0,"4":0,"5":0,"6":0},"b":{"0":[5,5],"1":[0,0],"2":[0,0],"3":[0,0],"4":[0,0,0,0,0,0,0,0,0,0,0,0,0,0,0,0,0],"5":[0,0],"6":[0,0],"7":[0,0],"8":[0,0],"9":[0,0],"10":[0,0],"11":[0,0],"12":[0,0,0],"13":[0,0],"14":[0,0]},"meta":{"lastBranch":15,"lastFunction":7,"lastStatement":72,"seen":{"s:9:7:9:Infinity":0,"f:9:7:9:12":0,"s:11:2:11:Infinity":1,"s:12:2:12:Infinity":2,"s:13:2:13:Infinity":3,"s:16:2:16:Infinity":4,"s:17:2:17:Infinity":5,"s:18:2:18:Infinity":6,"s:19:2:19:Infinity":7,"s:20:2:20:Infinity":8,"s:23:2:23:Infinity":9,"s:24:2:24:Infinity":10,"s:25:2:25:Infinity":11,"s:28:2:28:Infinity":12,"s:29:2:29:Infinity":13,"s:30:2:30:Infinity":14,"s:33:2:33:Infinity":15,"s:34:2:34:Infinity":16,"s:35:2:35:Infinity":17,"s:36:2:36:Infinity":18,"s:39:2:39:Infinity":19,"s:9:12:9:Infinity":20,"b:9:12:9:Infinity:9:12:9:Infinity":0,"s:43:50:58:Infinity":21,"f:63:16:63:29":1,"s:64:18:64:Infinity":22,"b:64:43:64:59:64:59:64:Infinity":1,"s:66:2:70:Infinity":23,"b:67:4:69:Infinity:undefined:undefined:undefined:undefined":2,"s:67:4:69:Infinity":24,"s:68:6:68:Infinity":25,"s:72:2:72:Infinity":26,"f:88:16:88:29":2,"s:89:15:89:Infinity":27,"s:90:18:90:Infinity":28,"b:90:43:90:59:90:59:90:Infinity":3,"b:94:4:94:Infinity:95:4:100:Infinity:102:4:107:Infinity:109:4:115:Infinity:117:4:123:Infinity:125:4:130:Infinity:132:4:138:Infinity:140:4:146:Infinity:148:4:153:Infinity:155:4:161:Infinity:163:4:169:Infinity:171:4:171:Infinity:172:4:178:Infinity:180:4:186:Infinity:188:4:194:Infinity:196:4:196:Infinity:197:4:203:Infinity":4,"s:93:2:204:Infinity":29,"s:96:6:100:Infinity":30,"s:103:6:107:Infinity":31,"s:110:6:115:Infinity":32,"s:118:6:123:Infinity":33,"s:126:6:130:Infinity":34,"s:133:6:138:Infinity":35,"s:141:6:146:Infinity":36,"s:149:6:153:Infinity":37,"s:156:6:161:Infinity":38,"s:164:6:169:Infinity":39,"s:173:6:178:Infinity":40,"s:181:6:186:Infinity":41,"s:189:6:194:Infinity":42,"s:198:6:203:Infinity":43,"f:210:16:210:39":3,"s:211:26:211:Infinity":44,"b:213:2:221:Infinity:undefined:undefined:undefined:undefined":5,"s:213:2:221:Infinity":45,"s:214:4:214:Infinity":46,"s:215:4:220:Infinity":47,"s:216:6:216:Infinity":48,"b:217:6:219:Infinity:undefined:undefined:undefined:undefined":6,"s:217:6:219:Infinity":49,"s:218:8:218:Infinity":50,"b:223:2:229:Infinity:undefined:undefined:undefined:undefined":7,"s:223:2:229:Infinity":51,"b:223:6:223:18:223:18:223:39":8,"s:224:4:224:Infinity":52,"s:225:4:225:Infinity":53,"s:226:4:228:Infinity":54,"s:227:6:227:Infinity":55,"s:231:2:231:Infinity":56,"f:238:16:238:28":4,"s:243:20:243:Infinity":57,"s:246:2:249:Infinity":58,"b:248:44:248:60:248:60:248:Infinity":9,"s:252:2:252:Infinity":59,"b:254:2:256:Infinity:undefined:undefined:undefined:undefined":10,"s:254:2:256:Infinity":60,"s:255:4:255:Infinity":61,"b:258:2:260:Infinity:undefined:undefined:undefined:undefined":11,"s:258:2:260:Infinity":62,"b:258:6:258:28:258:28:258:48:258:48:258:85":12,"s:259:4:259:Infinity":63,"b:263:2:265:Infinity:undefined:undefined:undefined:undefined":13,"s:263:2:265:Infinity":64,"s:264:4:264:Infinity":65,"b:264:17:264:38:264:38:264:39":14,"s:267:2:267:Infinity":66,"f:273:16:273:Infinity":5,"s:277:2:285:Infinity":67,"f:277:10:277:14":6,"s:278:4:284:Infinity":68,"s:279:6:279:Infinity":69,"s:281:6:281:Infinity":70,"s:283:6:283:Infinity":71}}}
,"/Users/jagadeeshkumarchippada/OpenClaw-MCP-Bridge/src/lib/executor.ts": {"path":"/Users/jagadeeshkumarchippada/OpenClaw-MCP-Bridge/src/lib/executor.ts","statementMap":{"0":{"start":{"line":10,"column":22},"end":{"line":16,"column":null}},"1":{"start":{"line":23,"column":8},"end":{"line":23,"column":null}},"2":{"start":{"line":25,"column":2},"end":{"line":27,"column":null}},"3":{"start":{"line":26,"column":4},"end":{"line":26,"column":null}},"4":{"start":{"line":30,"column":2},"end":{"line":32,"column":null}},"5":{"start":{"line":31,"column":4},"end":{"line":31,"column":null}},"6":{"start":{"line":35,"column":2},"end":{"line":39,"column":null}},"7":{"start":{"line":36,"column":4},"end":{"line":38,"column":null}},"8":{"start":{"line":37,"column":6},"end":{"line":37,"column":null}},"9":{"start":{"line":42,"column":2},"end":{"line":46,"column":null}},"10":{"start":{"line":43,"column":4},"end":{"line":45,"column":null}},"11":{"start":{"line":44,"column":6},"end":{"line":44,"column":null}},"12":{"start":{"line":49,"column":2},"end":{"line":49,"column":null}},"13":{"start":{"line":61,"column":22},"end":{"line":61,"column":null}},"14":{"start":{"line":63,"column":2},"end":{"line":65,"column":null}},"15":{"start":{"line":64,"column":4},"end":{"line":64,"column":null}},"16":{"start":{"line":67,"column":2},"end":{"line":85,"column":null}},"17":{"start":{"line":69,"column":4},"end":{"line":69,"column":null}},"18":{"start":{"line":72,"column":10},"end":{"line":72,"column":null}},"19":{"start":{"line":73,"column":4},"end":{"line":76,"column":null}},"20":{"start":{"line":74,"column":20},"end":{"line":74,"column":null}},"21":{"start":{"line":75,"column":6},"end":{"line":75,"column":null}},"22":{"start":{"line":75,"column":54},"end":{"line":75,"column":60}},"23":{"start":{"line":79,"column":19},"end":{"line":79,"column":null}},"24":{"start":{"line":81,"column":4},"end":{"line":81,"column":null}},"25":{"start":{"line":84,"column":4},"end":{"line":84,"column":null}},"26":{"start":{"line":92,"column":24},"end":{"line":92,"column":null}},"27":{"start":{"line":94,"column":2},"end":{"line":96,"column":null}},"28":{"start":{"line":95,"column":4},"end":{"line":95,"column":null}},"29":{"start":{"line":98,"column":2},"end":{"line":105,"column":null}},"30":{"start":{"line":99,"column":4},"end":{"line":99,"column":null}},"31":{"start":{"line":100,"column":18},"end":{"line":100,"column":null}},"32":{"start":{"line":101,"column":4},"end":{"line":101,"column":null}},"33":{"start":{"line":104,"column":4},"end":{"line":104,"column":null}}},"fnMap":{"0":{"name":"findBestServer","decl":{"start":{"line":22,"column":9},"end":{"line":22,"column":24}},"loc":{"start":{"line":22,"column":66},"end":{"line":50,"column":null}},"line":22},"1":{"name":"callTool","decl":{"start":{"line":55,"column":22},"end":{"line":55,"column":null}},"loc":{"start":{"line":59,"column":20},"end":{"line":86,"column":null}},"line":59},"2":{"name":"(anonymous_2)","decl":{"start":{"line":75,"column":49},"end":{"line":75,"column":54}},"loc":{"start":{"line":75,"column":54},"end":{"line":75,"column":60}},"line":75},"3":{"name":"discoverTools","decl":{"start":{"line":91,"column":22},"end":{"line":91,"column":36}},"loc":{"start":{"line":91,"column":78},"end":{"line":106,"column":null}},"line":91}},"branchMap":{"0":{"loc":{"start":{"line":25,"column":2},"end":{"line":27,"column":null}},"type":"if","locations":[{"start":{"line":25,"column":2},"end":{"line":27,"column":null}},{"start":{},"end":{}}],"line":25},"1":{"loc":{"start":{"line":30,"column":2},"end":{"line":32,"column":null}},"type":"if","locations":[{"start":{"line":30,"column":2},"end":{"line":32,"column":null}},{"start":{},"end":{}}],"line":30},"2":{"loc":{"start":{"line":31,"column":11},"end":{"line":31,"column":null}},"type":"cond-expr","locations":[{"start":{"line":31,"column":47},"end":{"line":31,"column":61}},{"start":{"line":31,"column":61},"end":{"line":31,"column":null}}],"line":31},"3":{"loc":{"start":{"line":36,"column":4},"end":{"line":38,"column":null}},"type":"if","locations":[{"start":{"line":36,"column":4},"end":{"line":38,"column":null}},{"start":{},"end":{}}],"line":36},"4":{"loc":{"start":{"line":43,"column":4},"end":{"line":45,"column":null}},"type":"if","locations":[{"start":{"line":43,"column":4},"end":{"line":45,"column":null}},{"start":{},"end":{}}],"line":43},"5":{"loc":{"start":{"line":63,"column":2},"end":{"line":65,"column":null}},"type":"if","locations":[{"start":{"line":63,"column":2},"end":{"line":65,"column":null}},{"start":{},"end":{}}],"line":63},"6":{"loc":{"start":{"line":73,"column":4},"end":{"line":76,"column":null}},"type":"if","locations":[{"start":{"line":73,"column":4},"end":{"line":76,"column":null}},{"start":{},"end":{}}],"line":73},"7":{"loc":{"start":{"line":73,"column":8},"end":{"line":73,"column":46}},"type":"binary-expr","locations":[{"start":{"line":73,"column":8},"end":{"line":73,"column":19}},{"start":{"line":73,"column":19},"end":{"line":73,"column":46}}],"line":73},"8":{"loc":{"start":{"line":94,"column":2},"end":{"line":96,"column":null}},"type":"if","locations":[{"start":{"line":94,"column":2},"end":{"line":96,"column":null}},{"start":{},"end":{}}],"line":94}},"s":{"0":2,"1":9,"2":9,"3":0,"4":9,"5":9,"6":0,"7":0,"8":0,"9":0,"10":0,"11":0,"12":0,"13":3,"14":3,"15":0,"16":3,"17":3,"18":3,"19":3,"20":3,"21":3,"22":42,"23":3,"24":3,"25":3,"26":6,"27":6,"28":1,"29":5,"30":5,"31":5,"32":5,"33":5},"f":{"0":9,"1":3,"2":42,"3":6},"b":{"0":[0,9],"1":[9,0],"2":[8,1],"3":[0,0],"4":[0,0],"5":[0,3],"6":[3,0],"7":[3,1],"8":[1,5]},"meta":{"lastBranch":9,"lastFunction":4,"lastStatement":34,"seen":{"s:10:22:16:Infinity":0,"f:22:9:22:24":0,"s:23:8:23:Infinity":1,"b:25:2:27:Infinity:undefined:undefined:undefined:undefined":0,"s:25:2:27:Infinity":2,"s:26:4:26:Infinity":3,"b:30:2:32:Infinity:undefined:undefined:undefined:undefined":1,"s:30:2:32:Infinity":4,"s:31:4:31:Infinity":5,"b:31:47:31:61:31:61:31:Infinity":2,"s:35:2:39:Infinity":6,"b:36:4:38:Infinity:undefined:undefined:undefined:undefined":3,"s:36:4:38:Infinity":7,"s:37:6:37:Infinity":8,"s:42:2:46:Infinity":9,"b:43:4:45:Infinity:undefined:undefined:undefined:undefined":4,"s:43:4:45:Infinity":10,"s:44:6:44:Infinity":11,"s:49:2:49:Infinity":12,"f:55:22:55:Infinity":1,"s:61:22:61:Infinity":13,"b:63:2:65:Infinity:undefined:undefined:undefined:undefined":5,"s:63:2:65:Infinity":14,"s:64:4:64:Infinity":15,"s:67:2:85:Infinity":16,"s:69:4:69:Infinity":17,"s:72:10:72:Infinity":18,"b:73:4:76:Infinity:undefined:undefined:undefined:undefined":6,"s:73:4:76:Infinity":19,"b:73:8:73:19:73:19:73:46":7,"s:74:20:74:Infinity":20,"s:75:6:75:Infinity":21,"f:75:49:75:54":2,"s:75:54:75:60":22,"s:79:19:79:Infinity":23,"s:81:4:81:Infinity":24,"s:84:4:84:Infinity":25,"f:91:22:91:36":3,"s:92:24:92:Infinity":26,"b:94:2:96:Infinity:undefined:undefined:undefined:undefined":8,"s:94:2:96:Infinity":27,"s:95:4:95:Infinity":28,"s:98:2:105:Infinity":29,"s:99:4:99:Infinity":30,"s:100:18:100:Infinity":31,"s:101:4:101:Infinity":32,"s:104:4:104:Infinity":33}}}
,"/Users/jagadeeshkumarchippada/OpenClaw-MCP-Bridge/src/lib/installer.ts": {"path":"/Users/jagadeeshkumarchippada/OpenClaw-MCP-Bridge/src/lib/installer.ts","statementMap":{"0":{"start":{"line":9,"column":6},"end":{"line":9,"column":null}},"1":{"start":{"line":13,"column":27},"end":{"line":13,"column":null}},"2":{"start":{"line":19,"column":2},"end":{"line":21,"column":null}},"3":{"start":{"line":20,"column":4},"end":{"line":20,"column":null}},"4":{"start":{"line":23,"column":2},"end":{"line":25,"column":null}},"5":{"start":{"line":24,"column":4},"end":{"line":24,"column":null}},"6":{"start":{"line":27,"column":2},"end":{"line":29,"column":null}},"7":{"start":{"line":28,"column":4},"end":{"line":28,"column":null}},"8":{"start":{"line":32,"column":20},"end":{"line":32,"column":null}},"9":{"start":{"line":33,"column":2},"end":{"line":35,"column":null}},"10":{"start":{"line":33,"column":26},"end":{"line":33,"column":49}},"11":{"start":{"line":34,"column":4},"end":{"line":34,"column":null}},"12":{"start":{"line":42,"column":2},"end":{"line":47,"column":null}},"13":{"start":{"line":43,"column":23},"end":{"line":43,"column":null}},"14":{"start":{"line":44,"column":4},"end":{"line":44,"column":null}},"15":{"start":{"line":46,"column":4},"end":{"line":46,"column":null}},"16":{"start":{"line":55,"column":2},"end":{"line":55,"column":null}},"17":{"start":{"line":58,"column":18},"end":{"line":58,"column":null}},"18":{"start":{"line":59,"column":2},"end":{"line":61,"column":null}},"19":{"start":{"line":60,"column":4},"end":{"line":60,"column":null}},"20":{"start":{"line":64,"column":2},"end":{"line":70,"column":null}},"21":{"start":{"line":72,"column":2},"end":{"line":72,"column":null}},"22":{"start":{"line":80,"column":2},"end":{"line":80,"column":null}},"23":{"start":{"line":82,"column":2},"end":{"line":87,"column":null}},"24":{"start":{"line":83,"column":4},"end":{"line":83,"column":null}},"25":{"start":{"line":84,"column":4},"end":{"line":84,"column":null}},"26":{"start":{"line":86,"column":4},"end":{"line":86,"column":null}}},"fnMap":{"0":{"name":"validatePackageName","decl":{"start":{"line":18,"column":16},"end":{"line":18,"column":36}},"loc":{"start":{"line":18,"column":63},"end":{"line":36,"column":null}},"line":18},"1":{"name":"(anonymous_1)","decl":{"start":{"line":33,"column":21},"end":{"line":33,"column":26}},"loc":{"start":{"line":33,"column":26},"end":{"line":33,"column":49}},"line":33},"2":{"name":"getPackageVersion","decl":{"start":{"line":41,"column":22},"end":{"line":41,"column":40}},"loc":{"start":{"line":41,"column":85},"end":{"line":48,"column":null}},"line":41},"3":{"name":"installMCPServer","decl":{"start":{"line":53,"column":22},"end":{"line":53,"column":39}},"loc":{"start":{"line":53,"column":90},"end":{"line":73,"column":null}},"line":53},"4":{"name":"isPackageInstalled","decl":{"start":{"line":78,"column":22},"end":{"line":78,"column":41}},"loc":{"start":{"line":78,"column":80},"end":{"line":88,"column":null}},"line":78}},"branchMap":{"0":{"loc":{"start":{"line":19,"column":2},"end":{"line":21,"column":null}},"type":"if","locations":[{"start":{"line":19,"column":2},"end":{"line":21,"column":null}},{"start":{},"end":{}}],"line":19},"1":{"loc":{"start":{"line":19,"column":6},"end":{"line":19,"column":55}},"type":"binary-expr","locations":[{"start":{"line":19,"column":6},"end":{"line":19,"column":22}},{"start":{"line":19,"column":22},"end":{"line":19,"column":55}}],"line":19},"2":{"loc":{"start":{"line":23,"column":2},"end":{"line":25,"column":null}},"type":"if","locations":[{"start":{"line":23,"column":2},"end":{"line":25,"column":null}},{"start":{},"end":{}}],"line":23},"3":{"loc":{"start":{"line":27,"column":2},"end":{"line":29,"column":null}},"type":"if","locations":[{"start":{"line":27,"column":2},"end":{"line":29,"column":null}},{"start":{},"end":{}}],"line":27},"4":{"loc":{"start":{"line":33,"column":2},"end":{"line":35,"column":null}},"type":"if","locations":[{"start":{"line":33,"column":2},"end":{"line":35,"column":null}},{"start":{},"end":{}}],"line":33},"5":{"loc":{"start":{"line":53,"column":60},"end":{"line":53,"column":90}},"type":"default-arg","locations":[{"start":{"line":53,"column":68},"end":{"line":53,"column":90}}],"line":53},"6":{"loc":{"start":{"line":59,"column":2},"end":{"line":61,"column":null}},"type":"if","locations":[{"start":{"line":59,"column":2},"end":{"line":61,"column":null}},{"start":{},"end":{}}],"line":59},"7":{"loc":{"start":{"line":72,"column":17},"end":{"line":72,"column":48}},"type":"cond-expr","locations":[{"start":{"line":72,"column":25},"end":{"line":72,"column":37}},{"start":{"line":72,"column":37},"end":{"line":72,"column":48}}],"line":72}},"s":{"0":3,"1":3,"2":71,"3":4,"4":67,"5":2,"6":65,"7":32,"8":33,"9":33,"10":330,"11":0,"12":9,"13":9,"14":6,"15":3,"16":7,"17":7,"18":7,"19":2,"20":5,"21":5,"22":4,"23":4,"24":4,"25":2,"26":2},"f":{"0":71,"1":330,"2":9,"3":7,"4":4},"b":{"0":[4,67],"1":[71,67],"2":[2,65],"3":[32,33],"4":[0,33],"5":[7],"6":[2,5],"7":[1,4]},"meta":{"lastBranch":8,"lastFunction":5,"lastStatement":27,"seen":{"s:9:6:9:Infinity":0,"s:13:27:13:Infinity":1,"f:18:16:18:36":0,"b:19:2:21:Infinity:undefined:undefined:undefined:undefined":0,"s:19:2:21:Infinity":2,"b:19:6:19:22:19:22:19:55":1,"s:20:4:20:Infinity":3,"b:23:2:25:Infinity:undefined:undefined:undefined:undefined":2,"s:23:2:25:Infinity":4,"s:24:4:24:Infinity":5,"b:27:2:29:Infinity:undefined:undefined:undefined:undefined":3,"s:27:2:29:Infinity":6,"s:28:4:28:Infinity":7,"s:32:20:32:Infinity":8,"b:33:2:35:Infinity:undefined:undefined:undefined:undefined":4,"s:33:2:35:Infinity":9,"f:33:21:33:26":1,"s:33:26:33:49":10,"s:34:4:34:Infinity":11,"f:41:22:41:40":2,"s:42:2:47:Infinity":12,"s:43:23:43:Infinity":13,"s:44:4:44:Infinity":14,"s:46:4:46:Infinity":15,"f:53:22:53:39":3,"b:53:68:53:90":5,"s:55:2:55:Infinity":16,"s:58:18:58:Infinity":17,"b:59:2:61:Infinity:undefined:undefined:undefined:undefined":6,"s:59:2:61:Infinity":18,"s:60:4:60:Infinity":19,"s:64:2:70:Infinity":20,"s:72:2:72:Infinity":21,"b:72:25:72:37:72:37:72:48":7,"f:78:22:78:41":4,"s:80:2:80:Infinity":22,"s:82:2:87:Infinity":23,"s:83:4:83:Infinity":24,"s:84:4:84:Infinity":25,"s:86:4:86:Infinity":26}}}
,"/Users/jagadeeshkumarchippada/OpenClaw-MCP-Bridge/src/lib/logger.ts": {"path":"/Users/jagadeeshkumarchippada/OpenClaw-MCP-Bridge/src/lib/logger.ts","statementMap":{"0":{"start":{"line":13,"column":2},"end":{"line":15,"column":null}},"1":{"start":{"line":14,"column":4},"end":{"line":14,"column":null}},"2":{"start":{"line":16,"column":2},"end":{"line":18,"column":null}},"3":{"start":{"line":17,"column":4},"end":{"line":17,"column":null}},"4":{"start":{"line":19,"column":2},"end":{"line":19,"column":null}},"5":{"start":{"line":24,"column":2},"end":{"line":24,"column":null}},"6":{"start":{"line":29,"column":38},"end":{"line":40,"column":null}},"7":{"start":{"line":33,"column":8},"end":{"line":33,"column":null}},"8":{"start":{"line":43,"column":2},"end":{"line":53,"column":null}},"9":{"start":{"line":45,"column":4},"end":{"line":52,"column":null}},"10":{"start":{"line":55,"column":2},"end":{"line":55,"column":null}},"11":{"start":{"line":59,"column":13},"end":{"line":59,"column":null}},"12":{"start":{"line":62,"column":19},"end":{"line":110,"column":null}},"13":{"start":{"line":64,"column":4},"end":{"line":68,"column":null}},"14":{"start":{"line":65,"column":6},"end":{"line":65,"column":null}},"15":{"start":{"line":67,"column":6},"end":{"line":67,"column":null}},"16":{"start":{"line":72,"column":4},"end":{"line":84,"column":null}},"17":{"start":{"line":73,"column":6},"end":{"line":79,"column":null}},"18":{"start":{"line":80,"column":4},"end":{"line":84,"column":null}},"19":{"start":{"line":81,"column":6},"end":{"line":81,"column":null}},"20":{"start":{"line":83,"column":6},"end":{"line":83,"column":null}},"21":{"start":{"line":88,"column":4},"end":{"line":92,"column":null}},"22":{"start":{"line":89,"column":6},"end":{"line":89,"column":null}},"23":{"start":{"line":91,"column":6},"end":{"line":91,"column":null}},"24":{"start":{"line":96,"column":4},"end":{"line":100,"column":null}},"25":{"start":{"line":97,"column":6},"end":{"line":97,"column":null}},"26":{"start":{"line":99,"column":6},"end":{"line":99,"column":null}},"27":{"start":{"line":104,"column":4},"end":{"line":108,"column":null}},"28":{"start":{"line":105,"column":6},"end":{"line":105,"column":null}},"29":{"start":{"line":107,"column":6},"end":{"line":107,"column":null}},"30":{"start":{"line":114,"column":2},"end":{"line":114,"column":null}}},"fnMap":{"0":{"name":"getLogLevel","decl":{"start":{"line":12,"column":9},"end":{"line":12,"column":31}},"loc":{"start":{"line":12,"column":31},"end":{"line":20,"column":null}},"line":12},"1":{"name":"isDebugOrVerbose","decl":{"start":{"line":23,"column":9},"end":{"line":23,"column":37}},"loc":{"start":{"line":23,"column":37},"end":{"line":25,"column":null}},"line":23},"2":{"name":"createLoggerOptions","decl":{"start":{"line":28,"column":9},"end":{"line":28,"column":51}},"loc":{"start":{"line":28,"column":51},"end":{"line":56,"column":null}},"line":28},"3":{"name":"(anonymous_3)","decl":{"start":{"line":32,"column":13},"end":{"line":32,"column":14}},"loc":{"start":{"line":32,"column":32},"end":{"line":34,"column":null}},"line":32},"4":{"name":"(anonymous_4)","decl":{"start":{"line":63,"column":8},"end":{"line":63,"column":9}},"loc":{"start":{"line":63,"column":61},"end":{"line":69,"column":null}},"line":63},"5":{"name":"(anonymous_5)","decl":{"start":{"line":71,"column":9},"end":{"line":71,"column":10}},"loc":{"start":{"line":71,"column":77},"end":{"line":85,"column":null}},"line":71},"6":{"name":"(anonymous_6)","decl":{"start":{"line":87,"column":8},"end":{"line":87,"column":9}},"loc":{"start":{"line":87,"column":61},"end":{"line":93,"column":null}},"line":87},"7":{"name":"(anonymous_7)","decl":{"start":{"line":95,"column":9},"end":{"line":95,"column":10}},"loc":{"start":{"line":95,"column":62},"end":{"line":101,"column":null}},"line":95},"8":{"name":"(anonymous_8)","decl":{"start":{"line":103,"column":9},"end":{"line":103,"column":10}},"loc":{"start":{"line":103,"column":62},"end":{"line":109,"column":null}},"line":103},"9":{"name":"isVerbose","decl":{"start":{"line":113,"column":16},"end":{"line":113,"column":37}},"loc":{"start":{"line":113,"column":37},"end":{"line":115,"column":null}},"line":113}},"branchMap":{"0":{"loc":{"start":{"line":13,"column":2},"end":{"line":15,"column":null}},"type":"if","locations":[{"start":{"line":13,"column":2},"end":{"line":15,"column":null}},{"start":{},"end":{}}],"line":13},"1":{"loc":{"start":{"line":13,"column":6},"end":{"line":13,"column":73}},"type":"binary-expr","locations":[{"start":{"line":13,"column":6},"end":{"line":13,"column":44}},{"start":{"line":13,"column":44},"end":{"line":13,"column":73}}],"line":13},"2":{"loc":{"start":{"line":16,"column":2},"end":{"line":18,"column":null}},"type":"if","locations":[{"start":{"line":16,"column":2},"end":{"line":18,"column":null}},{"start":{},"end":{}}],"line":16},"3":{"loc":{"start":{"line":19,"column":9},"end":{"line":19,"column":null}},"type":"binary-expr","locations":[{"start":{"line":19,"column":9},"end":{"line":19,"column":34}},{"start":{"line":19,"column":34},"end":{"line":19,"column":null}}],"line":19},"4":{"loc":{"start":{"line":24,"column":9},"end":{"line":24,"column":null}},"type":"binary-expr","locations":[{"start":{"line":24,"column":9},"end":{"line":24,"column":47}},{"start":{"line":24,"column":47},"end":{"line":24,"column":83}},{"start":{"line":24,"column":83},"end":{"line":24,"column":null}}],"line":24},"5":{"loc":{"start":{"line":43,"column":2},"end":{"line":53,"column":null}},"type":"if","locations":[{"start":{"line":43,"column":2},"end":{"line":53,"column":null}},{"start":{},"end":{}}],"line":43},"6":{"loc":{"start":{"line":43,"column":6},"end":{"line":43,"column":51}},"type":"binary-expr","locations":[{"start":{"line":43,"column":6},"end":{"line":43,"column":31}},{"start":{"line":43,"column":31},"end":{"line":43,"column":51}}],"line":43},"7":{"loc":{"start":{"line":64,"column":4},"end":{"line":68,"column":null}},"type":"if","locations":[{"start":{"line":64,"column":4},"end":{"line":68,"column":null}},{"start":{"line":66,"column":11},"end":{"line":68,"column":null}}],"line":64},"8":{"loc":{"start":{"line":72,"column":4},"end":{"line":84,"column":null}},"type":"if","locations":[{"start":{"line":72,"column":4},"end":{"line":84,"column":null}},{"start":{"line":80,"column":4},"end":{"line":84,"column":null}}],"line":72},"9":{"loc":{"start":{"line":80,"column":4},"end":{"line":84,"column":null}},"type":"if","locations":[{"start":{"line":80,"column":4},"end":{"line":84,"column":null}},{"start":{"line":82,"column":11},"end":{"line":84,"column":null}}],"line":80},"10":{"loc":{"start":{"line":88,"column":4},"end":{"line":92,"column":null}},"type":"if","locations":[{"start":{"line":88,"column":4},"end":{"line":92,"column":null}},{"start":{"line":90,"column":11},"end":{"line":92,"column":null}}],"line":88},"11":{"loc":{"start":{"line":96,"column":4},"end":{"line":100,"column":null}},"type":"if","locations":[{"start":{"line":96,"column":4},"end":{"line":100,"column":null}},{"start":{"line":98,"column":11},"end":{"line":100,"column":null}}],"line":96},"12":{"loc":{"start":{"line":104,"column":4},"end":{"line":108,"column":null}},"type":"if","locations":[{"start":{"line":104,"column":4},"end":{"line":108,"column":null}},{"start":{"line":106,"column":11},"end":{"line":108,"column":null}}],"line":104},"13":{"loc":{"start":{"line":114,"column":9},"end":{"line":114,"column":null}},"type":"binary-expr","locations":[{"start":{"line":114,"column":9},"end":{"line":114,"column":47}},{"start":{"line":114,"column":47},"end":{"line":114,"column":83}},{"start":{"line":114,"column":83},"end":{"line":114,"column":null}}],"line":114}},"s":{"0":5,"1":0,"2":5,"3":0,"4":5,"5":5,"6":5,"7":30,"8":5,"9":0,"10":5,"11":5,"12":5,"13":37,"14":35,"15":2,"16":0,"17":0,"18":0,"19":0,"20":0,"21":0,"22":0,"23":0,"24":35,"25":35,"26":0,"27":0,"28":0,"29":0,"30":92},"f":{"0":5,"1":5,"2":5,"3":30,"4":37,"5":0,"6":0,"7":35,"8":0,"9":92},"b":{"0":[0,5],"1":[5,5],"2":[0,5],"3":[5,5],"4":[5,5,5],"5":[0,5],"6":[5,5],"7":[35,2],"8":[0,0],"9":[0,0],"10":[0,0],"11":[35,0],"12":[0,0],"13":[92,92,92]},"meta":{"lastBranch":14,"lastFunction":10,"lastStatement":31,"seen":{"f:12:9:12:31":0,"b:13:2:15:Infinity:undefined:undefined:undefined:undefined":0,"s:13:2:15:Infinity":0,"b:13:6:13:44:13:44:13:73":1,"s:14:4:14:Infinity":1,"b:16:2:18:Infinity:undefined:undefined:undefined:undefined":2,"s:16:2:18:Infinity":2,"s:17:4:17:Infinity":3,"s:19:2:19:Infinity":4,"b:19:9:19:34:19:34:19:Infinity":3,"f:23:9:23:37":1,"s:24:2:24:Infinity":5,"b:24:9:24:47:24:47:24:83:24:83:24:Infinity":4,"f:28:9:28:51":2,"s:29:38:40:Infinity":6,"f:32:13:32:14":3,"s:33:8:33:Infinity":7,"b:43:2:53:Infinity:undefined:undefined:undefined:undefined":5,"s:43:2:53:Infinity":8,"b:43:6:43:31:43:31:43:51":6,"s:45:4:52:Infinity":9,"s:55:2:55:Infinity":10,"s:59:13:59:Infinity":11,"s:62:19:110:Infinity":12,"f:63:8:63:9":4,"b:64:4:68:Infinity:66:11:68:Infinity":7,"s:64:4:68:Infinity":13,"s:65:6:65:Infinity":14,"s:67:6:67:Infinity":15,"f:71:9:71:10":5,"b:72:4:84:Infinity:80:4:84:Infinity":8,"s:72:4:84:Infinity":16,"s:73:6:79:Infinity":17,"b:80:4:84:Infinity:82:11:84:Infinity":9,"s:80:4:84:Infinity":18,"s:81:6:81:Infinity":19,"s:83:6:83:Infinity":20,"f:87:8:87:9":6,"b:88:4:92:Infinity:90:11:92:Infinity":10,"s:88:4:92:Infinity":21,"s:89:6:89:Infinity":22,"s:91:6:91:Infinity":23,"f:95:9:95:10":7,"b:96:4:100:Infinity:98:11:100:Infinity":11,"s:96:4:100:Infinity":24,"s:97:6:97:Infinity":25,"s:99:6:99:Infinity":26,"f:103:9:103:10":8,"b:104:4:108:Infinity:106:11:108:Infinity":12,"s:104:4:108:Infinity":27,"s:105:6:105:Infinity":28,"s:107:6:107:Infinity":29,"f:113:16:113:37":9,"s:114:2:114:Infinity":30,"b:114:9:114:47:114:47:114:83:114:83:114:Infinity":13}}}
,"/Users/jagadeeshkumarchippada/OpenClaw-MCP-Bridge/src/lib/protocol.ts": {"path":"/Users/jagadeeshkumarchippada/OpenClaw-MCP-Bridge/src/lib/protocol.ts","statementMap":{"0":{"start":{"line":21,"column":127},"end":{"line":31,"column":null}},"1":{"start":{"line":25,"column":23},"end":{"line":25,"column":null}},"2":{"start":{"line":26,"column":28},"end":{"line":26,"column":null}},"3":{"start":{"line":27,"column":6},"end":{"line":27,"column":null}},"4":{"start":{"line":37,"column":2},"end":{"line":40,"column":null}},"5":{"start":{"line":39,"column":4},"end":{"line":39,"column":null}},"6":{"start":{"line":42,"column":30},"end":{"line":42,"column":null}},"7":{"start":{"line":43,"column":19},"end":{"line":43,"column":null}},"8":{"start":{"line":45,"column":2},"end":{"line":66,"column":null}},"9":{"start":{"line":46,"column":4},"end":{"line":46,"column":null}},"10":{"start":{"line":46,"column":33},"end":{"line":46,"column":null}},"11":{"start":{"line":49,"column":25},"end":{"line":49,"column":null}},"12":{"start":{"line":52,"column":22},"end":{"line":54,"column":null}},"13":{"start":{"line":53,"column":6},"end":{"line":53,"column":null}},"14":{"start":{"line":57,"column":23},"end":{"line":57,"column":null}},"15":{"start":{"line":58,"column":4},"end":{"line":61,"column":null}},"16":{"start":{"line":59,"column":6},"end":{"line":59,"column":null}},"17":{"start":{"line":60,"column":6},"end":{"line":60,"column":null}},"18":{"start":{"line":63,"column":4},"end":{"line":65,"column":null}},"19":{"start":{"line":64,"column":6},"end":{"line":64,"column":null}},"20":{"start":{"line":69,"column":2},"end":{"line":69,"column":null}},"21":{"start":{"line":76,"column":2},"end":{"line":83,"column":null}},"22":{"start":{"line":77,"column":19},"end":{"line":77,"column":null}},"23":{"start":{"line":78,"column":4},"end":{"line":82,"column":null}},"24":{"start":{"line":86,"column":2},"end":{"line":86,"column":null}},"25":{"start":{"line":93,"column":22},"end":{"line":102,"column":null}},"26":{"start":{"line":104,"column":38},"end":{"line":104,"column":null}},"27":{"start":{"line":105,"column":2},"end":{"line":109,"column":null}},"28":{"start":{"line":106,"column":4},"end":{"line":108,"column":null}},"29":{"start":{"line":107,"column":6},"end":{"line":107,"column":null}},"30":{"start":{"line":110,"column":2},"end":{"line":110,"column":null}},"31":{"start":{"line":120,"column":22},"end":{"line":120,"column":null}},"32":{"start":{"line":121,"column":57},"end":{"line":121,"column":null}},"33":{"start":{"line":122,"column":23},"end":{"line":122,"column":null}},"34":{"start":{"line":123,"column":18},"end":{"line":123,"column":null}},"35":{"start":{"line":130,"column":4},"end":{"line":130,"column":null}},"36":{"start":{"line":131,"column":4},"end":{"line":131,"column":null}},"37":{"start":{"line":134,"column":4},"end":{"line":136,"column":null}},"38":{"start":{"line":135,"column":6},"end":{"line":135,"column":null}},"39":{"start":{"line":137,"column":4},"end":{"line":139,"column":null}},"40":{"start":{"line":138,"column":6},"end":{"line":138,"column":null}},"41":{"start":{"line":141,"column":35},"end":{"line":141,"column":null}},"42":{"start":{"line":142,"column":4},"end":{"line":142,"column":null}},"43":{"start":{"line":144,"column":4},"end":{"line":148,"column":null}},"44":{"start":{"line":151,"column":4},"end":{"line":154,"column":null}},"45":{"sta
[...]
":322,"column":22},"end":{"line":322,"column":36}},"loc":{"start":{"line":322,"column":112},"end":{"line":331,"column":null}},"line":322},"26":{"name":"getCurrentSession","decl":{"start":{"line":336,"column":16},"end":{"line":336,"column":55}},"loc":{"start":{"line":336,"column":55},"end":{"line":338,"column":null}},"line":336},"27":{"name":"closeSession","decl":{"start":{"line":343,"column":22},"end":{"line":343,"column":52}},"loc":{"start":{"line":343,"column":52},"end":{"line":348,"column":null}},"line":343},"28":{"name":"getServerHealth","decl":{"start":{"line":353,"column":22},"end":{"line":353,"column":38}},"loc":{"start":{"line":353,"column":116},"end":{"line":391,"column":null}},"line":353},"29":{"name":"(anonymous_29)","decl":{"start":{"line":361,"column":28},"end":{"line":361,"column":29}},"loc":{"start":{"line":361,"column":49},"end":{"line":372,"column":5}},"line":361},"30":{"name":"(anonymous_30)","decl":{"start":{"line":362,"column":33},"end":{"line":362,"column":39}},"loc":{"start":{"line":362,"column":39},"end":{"line":362,"column":84}},"line":362},"31":{"name":"(anonymous_31)","decl":{"start":{"line":365,"column":38},"end":{"line":365,"column":44}},"loc":{"start":{"line":365,"column":44},"end":{"line":368,"column":7}},"line":365},"32":{"name":"(anonymous_32)","decl":{"start":{"line":368,"column":15},"end":{"line":368,"column":16}},"loc":{"start":{"line":368,"column":24},"end":{"line":371,"column":7}},"line":368},"33":{"name":"spawnMCPServer","decl":{"start":{"line":394,"column":16},"end":{"line":394,"column":31}},"loc":{"start":{"line":394,"column":66},"end":{"line":397,"column":null}},"line":394},"34":{"name":"killCurrentProcess","decl":{"start":{"line":399,"column":16},"end":{"line":399,"column":43}},"loc":{"start":{"line":399,"column":43},"end":{"line":401,"column":null}},"line":399},"35":{"name":"initializeMCP","decl":{"start":{"line":403,"column":22},"end":{"line":403,"column":36}},"loc":{"start":{"line":403,"column":117},"end":{"line":406,"column":null}},"line":403},"36":{"name":"listTools","decl":{"start":{"line":408,"column":22},"end":{"line":408,"column":54}},"loc":{"start":{"line":408,"column":54},"end":{"line":413,"column":null}},"line":408},"37":{"name":"callMCPTool","decl":{"start":{"line":415,"column":22},"end":{"line":415,"column":34}},"loc":{"start":{"line":415,"column":101},"end":{"line":420,"column":null}},"line":415},"38":{"name":"getCurrentProcess","decl":{"start":{"line":422,"column":16},"end":{"line":422,"column":57}},"loc":{"start":{"line":422,"column":57},"end":{"line":424,"column":null}},"line":422},"39":{"name":"isInitialized","decl":{"start":{"line":426,"column":16},"end":{"line":426,"column":41}},"loc":{"start":{"line":426,"column":41},"end":{"line":428,"column":null}},"line":426}},"branchMap":{"0":{"loc":{"start":{"line":37,"column":2},"end":{"line":40,"column":null}},"type":"if","locations":[{"start":{"line":37,"column":2},"end":{"line":40,"column":null}},{"start":{},"end":{}}],"line":37},"1":{"loc":{"start":{"line":39,"column":12},"end":{"line":39,"column":45}},"type":"binary-expr","locations":[{"start":{"line":39,"column":12},"end":{"line":39,"column":32}},{"start":{"line":39,"column":32},"end":{"line":39,"column":45}}],"line":39},"2":{"loc":{"start":{"line":43,"column":35},"end":{"line":43,"column":61}},"type":"binary-expr","locations":[{"start":{"line":43,"column":35},"end":{"line":43,"column":55}},{"start":{"line":43,"column":55},"end":{"line":43,"column":61}}],"line":43},"3":{"loc":{"start":{"line":46,"column":4},"end":{"line":46,"column":null}},"type":"if","locations":[{"start":{"line":46,"column":4},"end":{"line":46,"column":null}},{"start":{},"end":{}}],"line":46},"4":{"loc":{"start":{"line":49,"column":25},"end":{"line":49,"column":null}},"type":"cond-expr","locations":[{"start":{"line":49,"column":48},"end":{"line":49,"column":54}},{"start":{"line":49,"column":54},"end":{"line":49,"column":null}}],"line":49},"5":{"loc":{"start":{"line":53,"column":6},"end":{"line":53,"column":null}},"type":"binary-expr","locations":[{"start":{"line":53,"column":6},"end":{"line":53,"column":39}},{"start":{"line":53,"column":39},"end":{"line":53,"column":null}}],"line":53},"6":{"loc":{"start":{"line":58,"column":4},"end":{"line":61,"column":null}},"type":"if","locations":[{"start":{"line":58,"column":4},"end":{"line":61,"column":null}},{"start":{},"end":{}}],"line":58},"7":{"loc":{"start":{"line":63,"column":4},"end":{"line":65,"column":null}},"type":"if","locations":[{"start":{"line":63,"column":4},"end":{"line":65,"column":null}},{"start":{},"end":{}}],"line":63},"8":{"loc":{"start":{"line":63,"column":8},"end":{"line":63,"column":42}},"type":"binary-expr","locations":[{"start":{"line":63,"column":8},"end":{"line":63,"column":21}},{"start":{"line":63,"column":21},"end":{"line":63,"column":42}}],"line":63},"9":{"loc":{"start":{"line":69,"column":9},"end":{"line":69,"column":null}},"type":"cond-expr","locations":[{"start":{"line":69,"column":32},"end":{"line":69,"column":44}},{"start":{"line":69,"column":44},"end":{"line":69,"column":null}}],"line":69},"10":{"loc":{"start":{"line":69,"column":45},"end":{"line":69,"column":78}},"type":"binary-expr","locations":[{"start":{"line":69,"column":45},"end":{"line":69,"column":65}},{"start":{"line":69,"column":65},"end":{"line":69,"column":78}}],"line":69},"11":{"loc":{"start":{"line":76,"column":2},"end":{"line":83,"column":null}},"type":"if","locations":[{"start":{"line":76,"column":2},"end":{"line":83,"column":null}},{"start":{},"end":{}}],"line":76},"12":{"loc":{"start":{"line":106,"column":4},"end":{"line":108,"column":null}},"type":"if","locations":[{"start":{"line":106,"column":4},"end":{"line":108,"column":null}},{"start":{},"end":{}}],"line":106},"13":{"loc":{"start":{"line":170,"column":10},"end":{"line":179,"column":null}},"type":"if","locations":[{"start":{"line":170,"column":10},"end":{"line":179,"column":null}},{"start":{},"end":{}}],"line":170},"14":{"loc":{"start":{"line":170,"column":14},"end":{"line":170,"column":68}},"type":"binary-expr","locations":[{"start":{"line":170,"column":14},"end":{"line":170,"column":29}},{"start":{"line":170,"column":29},"end":{"line":170,"column":68}}],"line":170},"15":{"loc":{"start":{"line":174,"column":12},"end":{"line":178,"column":null}},"type":"if","locations":[{"start":{"line":174,"column":12},"end":{"line":178,"column":null}},{"start":{"line":176,"column":19},"end":{"line":178,"column":null}}],"line":174},"16":{"loc":{"start":{"line":175,"column":31},"end":{"line":175,"column":68}},"type":"binary-expr","locations":[{"start":{"line":175,"column":31},"end":{"line":175,"column":57}},{"start":{"line":175,"column":57},"end":{"line":175,"column":68}}],"line":175},"17":{"loc":{"start":{"line":188,"column":6},"end":{"line":192,"column":null}},"type":"if","locations":[{"start":{"line":188,"column":6},"end":{"line":192,"column":null}},{"start":{},"end":{}}],"line":188},"18":{"loc":{"start":{"line":188,"column":10},"end":{"line":188,"column":66}},"type":"binary-expr","locations":[{"start":{"line":188,"column":10},"end":{"line":188,"column":34}},{"start":{"line":188,"column":34},"end":{"line":188,"column":66}}],"line":188},"19":{"loc":{"start":{"line":199,"column":21},"end":{"line":199,"column":54}},"type":"default-arg","locations":[{"start":{"line":199,"column":33},"end":{"line":199,"column":54}}],"line":199},"20":{"loc":{"start":{"line":209,"column":44},"end":{"line":209,"column":100}},"type":"default-arg","locations":[{"start":{"line":209,"column":78},"end":{"line":209,"column":100}}],"line":209},"21":{"loc":{"start":{"line":213,"column":4},"end":{"line":215,"column":null}},"type":"if","locations":[{"start":{"line":213,"column":4},"end":{"line":215,"column":null}},{"start":{},"end":{}}],"line":213},"22":{"loc":{"start":{"line":213,"column":8},"end":{"line":213,"column":63}},"type":"binary-expr","locations":[{"start":{"line":213,"column":8},"end":{"line":213,"column":31}},{"start":{"line":213,"column":31},"end":{"line":213,"column":63}}],"line":213},"23":{"loc":{"start":{"line":231,"column":8},"end":{"line":234,"column":null}},"type":"if","locations":[{"start":{"line":231,"column":8},"end":{"line":234,"column":null}},{"start":{},"end":{}}],"line":231},"24":{"loc":{"start":{"line":243,"column":4},"end":{"line":246,"column":null}},"type":"if","locations":[{"start":{"line":243,"column":4},"end":{"line":246,"column":null}},{"start":{},"end":{}}],"line":243},"25":{"loc":{"start":{"line":270,"column":11},"end":{"line":270,"column":null}},"type":"binary-expr","locations":[{"start":{"line":270,"column":11},"end":{"line":270,"column":27}},{"start":{"line":270,"column":27},"end":{"line":270,"column":null}}],"line":270},"26":{"loc":{"start":{"line":283,"column":14},"end":{"line":283,"column":47}},"type":"default-arg","locations":[{"start":{"line":283,"column":26},"end":{"line":283,"column":47}}],"line":283},"27":{"loc":{"start":{"line":293,"column":4},"end":{"line":312,"column":null}},"type":"if","locations":[{"start":{"line":293,"column":4},"end":{"line":312,"column":null}},{"start":{},"end":{}}],"line":293},"28":{"loc":{"start":{"line":293,"column":8},"end":{"line":293,"column":80}},"type":"binary-expr","locations":[{"start":{"line":293,"column":8},"end":{"line":293,"column":24}},{"start":{"line":293,"column":24},"end":{"line":293,"column":48}},{"start":{"line":293,"column":48},"end":{"line":293,"column":80}}],"line":293},"29":{"loc":{"start":{"line":300,"column":10},"end":{"line":306,"column":null}},"type":"if","locations":[{"start":{"line":300,"column":10},"end":{"line":306,"column":null}},{"start":{},"end":{}}],"line":300},"30":{"loc":{"start":{"line":300,"column":14},"end":{"line":300,"column":70}},"type":"binary-expr","locations":[{"start":{"line":300,"column":14},"end":{"line":300,"column":38}},{"start":{"line":300,"column":38},"end":{"line":300,"column":70}}],"line":300},"31":{"loc":{"start":{"line":324,"column":2},"end":{"line":326,"column":null}},"type":"if","locations":[{"start":{"line":324,"column":2},"end":{"line":326,"column":null}},{"start":{},"end":{}}],"line":324},"32":{"loc":{"start":{"line":344,"column":2},"end":{"line":347,"column":null}},"type":"if","locations":[{"start":{"line":344,"column":2},"end":{"line":347,"column":null}},{"start":{},"end":{}}],"line":344},"33":{"loc":{"start":{"line":388,"column":13},"end":{"line":388,"column":null}},"type":"cond-expr","locations":[{"start":{"line":388,"column":38},"end":{"line":388,"column":54}},{"start":{"line":388,"column":54},"end":{"line":388,"column":null}}],"line":388},"34":{"loc":{"start":{"line":409,"column":2},"end":{"line":411,"column":null}},"type":"if","locations":[{"start":{"line":409,"column":2},"end":{"line":411,"column":null}},{"start":{},"end":{}}],"line":409},"35":{"loc":{"start":{"line":416,"column":2},"end":{"line":418,"column":null}},"type":"if","locations":[{"start":{"line":416,"column":2},"end":{"line":418,"column":null}},{"start":{},"end":{}}],"line":416},"36":{"loc":{"start":{"line":423,"column":9},"end":{"line":423,"column":null}},"type":"cond-expr","locations":[{"start":{"line":423,"column":27},"end":{"line":423,"column":72}},{"start":{"line":423,"column":72},"end":{"line":423,"column":null}}],"line":423},"37":{"loc":{"start":{"line":427,"column":9},"end":{"line":427,"column":null}},"type":"binary-expr","locations":[{"start":{"line":427,"column":9},"end":{"line":427,"column":40}},{"start":{"line":427,"column":40},"end":{"line":427,"column":null}}],"line":427}},"s":{"0":4,"1":24,"2":24,"3":24,"4":24,"5":9,"6":15,"7":15,"8":24,"9":15,"10":0,"11":15,"12":15,"13":30,"14":15,"15":15,"16":0,"17":0,"18":15,"19":15,"20":15,"21":24,"22":24,"23":24,"24":0,"25":24,"26":24,"27":24,"28":192,"29":120,"30":24,"31":24,"32":24,"33":24,"34":24,"35":24,"36":24,"37":24,"38":24,"39":24,"40":24,"41":24,"42":24,"43":24,"44":24,"45":24,"46":24,"47":24,"48":0,"49":0,"50":0,"51":24,"52":43,"53":86,"54":43,"55":43,"56":43,"57":43,"58":43,"59":43,"60":43,"61":0,"62":43,"63":24,"64":24,"65":22,"66":22,"67":22,"68":65,"69":65,"70":33,"71":65,"72":43,"73":43,"74":0,"75":43,"76":43,"77":43,"78":43,"79":43,"80":43,"81":0,"82":0,"83":0,"84":30,"85":8,"86":8,"87":22,"88":22,"89":22,"90":22,"91":22,"92":12,"93":12,"94":9,"95":24,"96":0,"97":24,"98":24,"99":24,"100":24,"101":24,"102":24,"103":24,"104":13,"105":0,"106":0,"107":13,"108":24,"109":4,"110":22,"111":1,"112":22,"113":22,"114":22,"115":6,"116":43,"117":21,"118":21,"119":0,"120":0,"121":0,"122":0,"123":0,"124":0,"125":0,"126":0,"127":0,"128":0,"129":0,"130":0,"131":0,"132":0,"133":0,"134":0,"135":0,"136":0,"137":0,"138":8,"139":8,"140":8,"141":0,"142":8,"143":3,"144":0,"145":3,"146":0,"147":0},"f":{"0":24,"1":24,"2":30,"3":24,"4":24,"5":24,"6":24,"7":24,"8":24,"9":0,"10":43,"11":86,"12":24,"13":65,"14":65,"15":33,"16":43,"17":43,"18":0,"19":30,"20":12,"21":9,"22":24,"23":24,"24":13,"25":22,"26":6,"27":43,"28":0,"29":0,"30":0,"31":0,"32":0,"33":0,"34":0,"35":8,"36":8,"37":3,"38":0,"39":0},"b":{"0":[9,15],"1":[9,0],"2":[15,0],"3":[0,15],"4":[15,0],"5":[30,16],"6":[0,15],"7":[15,0],"8":[15,1],"9":[15,0],"10":[0,0],"11":[24,0],"12":[120,72],"13":[43,0],"14":[43,43],"15":[0,43],"16":[0,0],"17":[22,2],"18":[24,22],"19":[65],"20":[43],"21":[0,43],"22":[43,43],"23":[0,0],"24":[8,22],"25":[12,0],"26":[24],"27":[24,0],"28":[24,24,24],"29":[0,13],"30":[13,0],"31":[1,21],"32":[21,22],"33":[0,0],"34":[0,8],"35":[0,3],"36":[0,0],"37":[0,0]},"meta":{"lastBranch":38,"lastFunction":40,"lastStatement":148,"seen":{"s:21:127:31:Infinity":0,"f:24:10:24:11":0,"s:25:23:25:Infinity":1,"s:26:28:26:Infinity":2,"s:27:6:27:Infinity":3,"f:36:9:36:36":1,"b:37:2:40:Infinity:undefined:undefined:undefined:undefined":0,"s:37:2:40:Infinity":4,"s:39:4:39:Infinity":5,"b:39:12:39:32:39:32:39:45":1,"s:42:30:42:Infinity":6,"s:43:19:43:Infinity":7,"b:43:35:43:55:43:55:43:61":2,"s:45:2:66:Infinity":8,"b:46:4:46:Infinity:undefined:undefined:undefined:undefined":3,"s:46:4:46:Infinity":9,"s:46:33:46:Infinity":10,"s:49:25:49:Infinity":11,"b:49:48:49:54:49:54:49:Infinity":4,"s:52:22:54:Infinity":12,"f:52:36:52:Infinity":2,"s:53:6:53:Infinity":13,"b:53:6:53:39:53:39:53:Infinity":5,"s:57:23:57:Infinity":14,"b:58:4:61:Infinity:undefined:undefined:undefined:undefined":6,"s:58:4:61:Infinity":15,"s:59:6:59:Infinity":16,"s:60:6:60:Infinity":17,"b:63:4:65:Infinity:undefined:undefined:undefined:undefined":7,"s:63:4:65:Infinity":18,"b:63:8:63:21:63:21:63:42":8,"s:64:6:64:Infinity":19,"s:69:2:69:Infinity":20,"b:69:32:69:44:69:44:69:Infinity":9,"b:69:45:69:65:69:65:69:78":10,"f:75:9:75:26":3,"b:76:2:83:Infinity:undefined:undefined:undefined:undefined":11,"s:76:2:83:Infinity":21,"s:77:19:77:Infinity":22,"s:78:4:82:Infinity":23,"s:86:2:86:Infinity":24,"f:92:9:92:45":4,"s:93:22:102:Infinity":25,"s:104:38:104:Infinity":26,"s:105:2:109:Infinity":27,"b:106:4:108:Infinity:undefined:undefined:undefined:undefined":12,"s:106:4:108:Infinity":28,"s:107:6:107:Infinity":29,"s:110:2:110:Infinity":30,"s:120:22:120:Infinity":31,"s:121:57:121:Infinity":32,"s:122:23:122:Infinity":33,"s:123:18:123:Infinity":34,"f:129:2:129:14":5,"s:130:4:130:Infinity":35,"s:131:4:131:Infinity":36,"s:134:4:136:Infinity":37,"f:134:36:134:37":6,"s:135:6:135:Infinity":38,"s:137:4:139:Infinity":39,"f:137:37:137:38":7,"s:138:6:138:Infinity":40,"s:141:35:141:Infinity":41,"s:142:4:142:Infinity":42,"s:144:4:148:Infinity":43,"s:151:4:154:Infinity":44,"f:151:28:151:34":8,"s:152:6:152:Infinity":45,"s:153:6:153:Infinity":46,"s:156:4:160:Infinity":47,"f:156:29:156:30":9,"s:157:6:157:Infinity":48,"s:158:6:158:Infinity":49,"s:159:6:159:Infinity":50,"s:163:4:184:Infinity":51,"f:163:36:163:37":10,"s:164:20:164:Infinity":52,"f:164:55:164:63":11,"s:164:63:164:74":53,"s:166:6:183:Infinity":54,"s:167:8:182:Infinity":55,"s:168:27:168:Infinity":56,"b:170:10:179:Infinity:undefined:undefined:undefined:undefined":13,"s:170:10:179:Infinity":57,"b:170:14:170:29:170:29:170:68":14,"s:171:40:171:Infinity":58,"s:172:12:172:Infinity":59,"b:174:12:178:Infinity:176:19:178:Infinity":15,"s:174:12:178:Infinity":60,"s:175:14:175:Infinity":61,"b:175:31:175:57:175:57:175:68":16,"s:177:14:177:Infinity":62,"s:187:4:193:Infinity":63,"f:187:15:187:21":12,"b:188:6:192:Infinity:undefined:undefined:undefined:undefined":17,"s:188:6:192:Infinity":64,"b:188:10:188:34:188:34:188:66":18,"s:189:8:189:Infinity":65,"s:190:8:190:Infinity":66,"s:191:8:191:Infinity":67,"f:199:8:199:21":13,"b:199:33:199:54":19,"s:200:20:202:Infinity":68,"f:200:38:200:39":14,"s:201:6:201:Infinity":69,"f:201:17:201:23":15,"s:201:23:201:88":70,"s:203:4:203:Infinity":71,"f:209:16:209:28":16,"b:209:78:209:100":20,"s:211:4:211:Infinity":72,"b:213:4:215:Infinity:undefined:undefined:undefined:undefined":21,"s:213:4:215:Infinity":73,"b:213:8:213:31:213:31:213:63":22,"s:214:6:214:Infinity":74,"s:217:4:236:Infinity":75,"f:217:23:217:24":17,"s:218:17:218:Infinity":76,"s:219:6:219:Infinity":77,"s:221:22:226:Infinity":78,"s:228:6:228:Infinity":79,"s:230:6:235:Infinity":80,"f:230:17:230:23":18,"b:231:8:234:Infinity:undefined:undefined:undefined:undefined":23,"s:231:8:234:Infinity":81,"s:232:10:232:Infinity":82,"s:233:10:233:Infinity":83,"f:242:8:242:47":19,"b:243:4:246:Infinity:undefined:undefined:undefined:undefined":24,"s:243:4:246:Infinity":84,"s:244:6:244:Infinity":85,"s:245:6:245:Infinity":86,"s:249:4:249:Infinity":87,"s:251:19:258:Infinity":88,"s:260:4:260:Infinity":89,"s:261:4:261:Infinity":90,"s:262:4:262:Infinity":91,"f:268:8:268:40":20,"s:269:19:269:Infinity":92,"s:270:4:270:Infinity":93,"b:270:11:270:27:270:27:270:Infinity":25,"f:276:8:276:17":21,"s:277:4:277:Infinity":94,"f:283:8:283:14":22,"b:283:26:283:47":26,"s:285:4:287:Infinity":95,"s:286:6:286:Infinity":96,"s:288:4:288:Infinity":97,"s:290:4:290:Infinity":98,"s:291:4:291:Infinity":99,"b:293:4:312:Infinity:undefined:undefined:undefined:undefined":27,"s:293:4:312:Infinity":100,"b:293:8:293:24:293:24:293:48:293:48:293:80":28,"s:294:6:294:Infinity":101,"s:297:22:309:Infinity":102,"f:297:40:297:41":23,"s:298:8:308:Infinity":103,"f:298:19:298:25":24,"b:300:10:306:Infinity:undefined:undefined:undefined:undefined":29,"s:300:10:306:Infinity":104,"b:300:14:300:38:300:38:300:70":30,"s:301:12:305:Infinity":105,"s:302:14:302:Infinity":106,"s:307:10:307:Infinity":107,"s:311:6:311:Infinity":108,"s:317:40:317:Infinity":109,"f:322:22:322:36":25,"b:324:2:326:Infinity:undefined:undefined:undefined:undefined":31,"s:324:2:326:Infinity":110,"s:325:4:325:Infinity":111,"s:328:2:328:Infinity":112,"s:329:2:329:Infinity":113,"s:330:2:330:Infinity":114,"f:336:16:336:55":26,"s:337:2:337:Infinity":115,"f:343:22:343:52":27,"b:344:2:347:Infinity:undefined:undefined:undefined:undefined":32,"s:344:2:347:Infinity":116,"s:345:4:345:Infinity":117,"s:346:4:346:Infinity":118,"f:353:22:353:38":28,"s:354:20:354:Infinity":119,"s:356:2:390:Infinity":120,"s:358:20:358:Infinity":121,"s:361:4:372:Infinity":122,"f:361:28:361:29":29,"s:362:22:362:Infinity":123,"f:362:33:362:39":30,"s:362:39:362:84":124,"s:365:6:371:Infinity":125,"f:365:38:365:44":31,"s:366:8:366:Infinity":126,"s:367:8:367:Infinity":127,"f:368:15:368:16":32,"s:369:8:369:Infinity":128,"s:370:8:370:Infinity":129,"s:375:4:375:Infinity":130,"s:376:20:376:Infinity":131,"s:379:4:379:Infinity":132,"s:381:4:384:Infinity":133,"s:386:4:389:Infinity":134,"b:388:38:388:54:388:54:388:Infinity":33,"f:394:16:394:31":33,"s:395:18:395:Infinity":135,"s:396:2:396:Infinity":136,"f:399:16:399:43":34,"s:400:2:400:Infinity":137,"f:403:22:403:36":35,"s:404:18:404:Infinity":138,"s:405:2:405:Infinity":139,"f:408:22:408:54":36,"b:409:2:411:Infinity:undefined:undefined:undefined:undefined":34,"s:409:2:411:Infinity":140,"s:410:4:410:Infinity":141,"s:412:2:412:Infinity":142,"f:415:22:415:34":37,"b:416:2:418:Infinity:undefined:undefined:undefined:undefined":35,"s:416:2:418:Infinity":143,"s:417:4:417:Infinity":144,"s:419:2:419:Infinity":145,"f:422:16:422:57":38,"s:423:2:423:Infinity":146,"b:423:27:423:72:423:72:423:Infinity":36,"f:426:16:426:41":39,"s:427:2:427:Infinity":147,"b:427:9:427:40:427:40:427:Infinity":37}}}
}
